{"C:\\Users\\miria\\OneDrive\\Bureau\\watch\\backend\\server.js": {"path":"C:\\Users\\miria\\OneDrive\\Bureau\\watch\\backend\\server.js","statementMap":{"0":{"start":{"line":2,"column":16},"end":{"line":2,"column":34}},"1":{"start":{"line":3,"column":15},"end":{"line":3,"column":24}},"2":{"start":{"line":5,"column":13},"end":{"line":5,"column":28}},"3":{"start":{"line":6,"column":0},"end":{"line":6,"column":52}},"4":{"start":{"line":9,"column":20},"end":{"line":9,"column":51}},"5":{"start":{"line":10,"column":23},"end":{"line":10,"column":57}},"6":{"start":{"line":11,"column":21},"end":{"line":11,"column":53}},"7":{"start":{"line":12,"column":20},"end":{"line":12,"column":51}},"8":{"start":{"line":14,"column":19},"end":{"line":14,"column":41}},"9":{"start":{"line":15,"column":13},"end":{"line":15,"column":28}},"10":{"start":{"line":18,"column":26},"end":{"line":18,"column":56}},"11":{"start":{"line":19,"column":15},"end":{"line":19,"column":34}},"12":{"start":{"line":21,"column":0},"end":{"line":21,"column":30}},"13":{"start":{"line":22,"column":0},"end":{"line":22,"column":55}},"14":{"start":{"line":24,"column":0},"end":{"line":24,"column":51}},"15":{"start":{"line":26,"column":0},"end":{"line":26,"column":70}},"16":{"start":{"line":29,"column":0},"end":{"line":29,"column":33}},"17":{"start":{"line":30,"column":0},"end":{"line":30,"column":39}},"18":{"start":{"line":31,"column":0},"end":{"line":31,"column":35}},"19":{"start":{"line":32,"column":0},"end":{"line":32,"column":34}},"20":{"start":{"line":36,"column":0},"end":{"line":45,"column":1}},"21":{"start":{"line":39,"column":8},"end":{"line":39,"column":77}},"22":{"start":{"line":40,"column":18},"end":{"line":40,"column":43}},"23":{"start":{"line":41,"column":20},"end":{"line":41,"column":45}},"24":{"start":{"line":42,"column":38},"end":{"line":42,"column":130}},"25":{"start":{"line":42,"column":94},"end":{"line":42,"column":129}},"26":{"start":{"line":43,"column":19},"end":{"line":43,"column":58}},"27":{"start":{"line":48,"column":24},"end":{"line":48,"column":54}},"28":{"start":{"line":50,"column":0},"end":{"line":80,"column":3}},"29":{"start":{"line":52,"column":2},"end":{"line":79,"column":3}},"30":{"start":{"line":54,"column":4},"end":{"line":56,"column":5}},"31":{"start":{"line":55,"column":6},"end":{"line":55,"column":81}},"32":{"start":{"line":58,"column":55},"end":{"line":58,"column":63}},"33":{"start":{"line":60,"column":22},"end":{"line":60,"column":57}},"34":{"start":{"line":63,"column":20},"end":{"line":70,"column":6}},"35":{"start":{"line":72,"column":4},"end":{"line":72,"column":34}},"36":{"start":{"line":75,"column":4},"end":{"line":75,"column":25}},"37":{"start":{"line":76,"column":4},"end":{"line":78,"column":82}},"38":{"start":{"line":82,"column":0},"end":{"line":90,"column":1}},"39":{"start":{"line":85,"column":8},"end":{"line":85,"column":80}},"40":{"start":{"line":86,"column":18},"end":{"line":86,"column":46}},"41":{"start":{"line":87,"column":38},"end":{"line":87,"column":133}},"42":{"start":{"line":87,"column":97},"end":{"line":87,"column":132}},"43":{"start":{"line":88,"column":19},"end":{"line":88,"column":61}},"44":{"start":{"line":93,"column":0},"end":{"line":102,"column":1}},"45":{"start":{"line":96,"column":8},"end":{"line":96,"column":77}},"46":{"start":{"line":97,"column":18},"end":{"line":97,"column":44}},"47":{"start":{"line":98,"column":20},"end":{"line":98,"column":46}},"48":{"start":{"line":99,"column":38},"end":{"line":99,"column":131}},"49":{"start":{"line":99,"column":95},"end":{"line":99,"column":130}},"50":{"start":{"line":100,"column":19},"end":{"line":100,"column":59}},"51":{"start":{"line":105,"column":0},"end":{"line":114,"column":1}},"52":{"start":{"line":108,"column":8},"end":{"line":108,"column":81}},"53":{"start":{"line":109,"column":18},"end":{"line":109,"column":48}},"54":{"start":{"line":110,"column":20},"end":{"line":110,"column":50}},"55":{"start":{"line":111,"column":38},"end":{"line":111,"column":135}},"56":{"start":{"line":111,"column":99},"end":{"line":111,"column":134}},"57":{"start":{"line":112,"column":19},"end":{"line":112,"column":63}},"58":{"start":{"line":116,"column":0},"end":{"line":120,"column":1}},"59":{"start":{"line":117,"column":2},"end":{"line":119,"column":5}},"60":{"start":{"line":118,"column":4},"end":{"line":118,"column":54}},"61":{"start":{"line":122,"column":0},"end":{"line":122,"column":24}}},"fnMap":{"0":{"name":"(anonymous_0)","decl":{"start":{"line":38,"column":13},"end":{"line":38,"column":14}},"loc":{"start":{"line":39,"column":8},"end":{"line":39,"column":77}},"line":39},"1":{"name":"(anonymous_1)","decl":{"start":{"line":40,"column":12},"end":{"line":40,"column":13}},"loc":{"start":{"line":40,"column":18},"end":{"line":40,"column":43}},"line":40},"2":{"name":"(anonymous_2)","decl":{"start":{"line":41,"column":12},"end":{"line":41,"column":13}},"loc":{"start":{"line":41,"column":20},"end":{"line":41,"column":45}},"line":41},"3":{"name":"(anonymous_3)","decl":{"start":{"line":42,"column":12},"end":{"line":42,"column":13}},"loc":{"start":{"line":42,"column":38},"end":{"line":42,"column":130}},"line":42},"4":{"name":"(anonymous_4)","decl":{"start":{"line":42,"column":88},"end":{"line":42,"column":89}},"loc":{"start":{"line":42,"column":94},"end":{"line":42,"column":129}},"line":42},"5":{"name":"(anonymous_5)","decl":{"start":{"line":43,"column":13},"end":{"line":43,"column":14}},"loc":{"start":{"line":43,"column":19},"end":{"line":43,"column":58}},"line":43},"6":{"name":"(anonymous_6)","decl":{"start":{"line":50,"column":60},"end":{"line":50,"column":61}},"loc":{"start":{"line":50,"column":86},"end":{"line":80,"column":1}},"line":50},"7":{"name":"(anonymous_7)","decl":{"start":{"line":84,"column":13},"end":{"line":84,"column":14}},"loc":{"start":{"line":85,"column":8},"end":{"line":85,"column":80}},"line":85},"8":{"name":"(anonymous_8)","decl":{"start":{"line":86,"column":12},"end":{"line":86,"column":13}},"loc":{"start":{"line":86,"column":18},"end":{"line":86,"column":46}},"line":86},"9":{"name":"(anonymous_9)","decl":{"start":{"line":87,"column":12},"end":{"line":87,"column":13}},"loc":{"start":{"line":87,"column":38},"end":{"line":87,"column":133}},"line":87},"10":{"name":"(anonymous_10)","decl":{"start":{"line":87,"column":91},"end":{"line":87,"column":92}},"loc":{"start":{"line":87,"column":97},"end":{"line":87,"column":132}},"line":87},"11":{"name":"(anonymous_11)","decl":{"start":{"line":88,"column":13},"end":{"line":88,"column":14}},"loc":{"start":{"line":88,"column":19},"end":{"line":88,"column":61}},"line":88},"12":{"name":"(anonymous_12)","decl":{"start":{"line":95,"column":13},"end":{"line":95,"column":14}},"loc":{"start":{"line":96,"column":8},"end":{"line":96,"column":77}},"line":96},"13":{"name":"(anonymous_13)","decl":{"start":{"line":97,"column":12},"end":{"line":97,"column":13}},"loc":{"start":{"line":97,"column":18},"end":{"line":97,"column":44}},"line":97},"14":{"name":"(anonymous_14)","decl":{"start":{"line":98,"column":12},"end":{"line":98,"column":13}},"loc":{"start":{"line":98,"column":20},"end":{"line":98,"column":46}},"line":98},"15":{"name":"(anonymous_15)","decl":{"start":{"line":99,"column":12},"end":{"line":99,"column":13}},"loc":{"start":{"line":99,"column":38},"end":{"line":99,"column":131}},"line":99},"16":{"name":"(anonymous_16)","decl":{"start":{"line":99,"column":89},"end":{"line":99,"column":90}},"loc":{"start":{"line":99,"column":95},"end":{"line":99,"column":130}},"line":99},"17":{"name":"(anonymous_17)","decl":{"start":{"line":100,"column":13},"end":{"line":100,"column":14}},"loc":{"start":{"line":100,"column":19},"end":{"line":100,"column":59}},"line":100},"18":{"name":"(anonymous_18)","decl":{"start":{"line":107,"column":13},"end":{"line":107,"column":14}},"loc":{"start":{"line":108,"column":8},"end":{"line":108,"column":81}},"line":108},"19":{"name":"(anonymous_19)","decl":{"start":{"line":109,"column":12},"end":{"line":109,"column":13}},"loc":{"start":{"line":109,"column":18},"end":{"line":109,"column":48}},"line":109},"20":{"name":"(anonymous_20)","decl":{"start":{"line":110,"column":12},"end":{"line":110,"column":13}},"loc":{"start":{"line":110,"column":20},"end":{"line":110,"column":50}},"line":110},"21":{"name":"(anonymous_21)","decl":{"start":{"line":111,"column":12},"end":{"line":111,"column":13}},"loc":{"start":{"line":111,"column":38},"end":{"line":111,"column":135}},"line":111},"22":{"name":"(anonymous_22)","decl":{"start":{"line":111,"column":93},"end":{"line":111,"column":94}},"loc":{"start":{"line":111,"column":99},"end":{"line":111,"column":134}},"line":111},"23":{"name":"(anonymous_23)","decl":{"start":{"line":112,"column":13},"end":{"line":112,"column":14}},"loc":{"start":{"line":112,"column":19},"end":{"line":112,"column":63}},"line":112},"24":{"name":"(anonymous_24)","decl":{"start":{"line":117,"column":34},"end":{"line":117,"column":35}},"loc":{"start":{"line":117,"column":40},"end":{"line":119,"column":3}},"line":117}},"branchMap":{"0":{"loc":{"start":{"line":54,"column":4},"end":{"line":56,"column":5}},"type":"if","locations":[{"start":{"line":54,"column":4},"end":{"line":56,"column":5}},{"start":{},"end":{}}],"line":54},"1":{"loc":{"start":{"line":60,"column":22},"end":{"line":60,"column":57}},"type":"cond-expr","locations":[{"start":{"line":60,"column":33},"end":{"line":60,"column":50}},{"start":{"line":60,"column":53},"end":{"line":60,"column":57}}],"line":60},"2":{"loc":{"start":{"line":116,"column":0},"end":{"line":120,"column":1}},"type":"if","locations":[{"start":{"line":116,"column":0},"end":{"line":120,"column":1}},{"start":{},"end":{}}],"line":116}},"s":{"0":2,"1":2,"2":2,"3":2,"4":2,"5":2,"6":2,"7":2,"8":2,"9":2,"10":2,"11":2,"12":2,"13":2,"14":2,"15":2,"16":2,"17":2,"18":2,"19":2,"20":2,"21":1,"22":0,"23":1,"24":0,"25":0,"26":0,"27":2,"28":2,"29":1,"30":1,"31":0,"32":1,"33":1,"34":1,"35":1,"36":0,"37":0,"38":2,"39":1,"40":0,"41":0,"42":0,"43":0,"44":2,"45":0,"46":0,"47":0,"48":0,"49":0,"50":0,"51":2,"52":0,"53":0,"54":0,"55":0,"56":0,"57":0,"58":2,"59":0,"60":0,"61":2},"f":{"0":1,"1":0,"2":1,"3":0,"4":0,"5":0,"6":1,"7":1,"8":0,"9":0,"10":0,"11":0,"12":0,"13":0,"14":0,"15":0,"16":0,"17":0,"18":0,"19":0,"20":0,"21":0,"22":0,"23":0,"24":0},"b":{"0":[0,1],"1":[0,1],"2":[0,2]},"_coverageSchema":"1a1c01bbd47fc00a2c39e90264f33305004495a9","hash":"c4c5b5d2060c3bfc1aa8dc7fb956c9324ada367d"}
,"C:\\Users\\miria\\OneDrive\\Bureau\\watch\\backend\\controllers\\ordersCtrl.js": {"path":"C:\\Users\\miria\\OneDrive\\Bureau\\watch\\backend\\controllers\\ordersCtrl.js","statementMap":{"0":{"start":{"line":1,"column":15},"end":{"line":1,"column":35}},"1":{"start":{"line":2,"column":17},"end":{"line":2,"column":50}},"2":{"start":{"line":4,"column":0},"end":{"line":207,"column":2}},"3":{"start":{"line":8,"column":8},"end":{"line":51,"column":9}},"4":{"start":{"line":9,"column":41},"end":{"line":9,"column":49}},"5":{"start":{"line":12,"column":25},"end":{"line":12,"column":78}},"6":{"start":{"line":14,"column":12},"end":{"line":16,"column":13}},"7":{"start":{"line":15,"column":16},"end":{"line":15,"column":84}},"8":{"start":{"line":18,"column":26},"end":{"line":29,"column":17}},"9":{"start":{"line":20,"column":37},"end":{"line":20,"column":61}},"10":{"start":{"line":23,"column":16},"end":{"line":28,"column":17}},"11":{"start":{"line":24,"column":18},"end":{"line":24,"column":64}},"12":{"start":{"line":26,"column":18},"end":{"line":26,"column":89}},"13":{"start":{"line":27,"column":18},"end":{"line":27,"column":29}},"14":{"start":{"line":32,"column":26},"end":{"line":36,"column":14}},"15":{"start":{"line":39,"column":12},"end":{"line":45,"column":13}},"16":{"start":{"line":40,"column":16},"end":{"line":44,"column":19}},"17":{"start":{"line":47,"column":12},"end":{"line":47,"column":98}},"18":{"start":{"line":49,"column":12},"end":{"line":49,"column":33}},"19":{"start":{"line":50,"column":12},"end":{"line":50,"column":116}},"20":{"start":{"line":55,"column":8},"end":{"line":74,"column":9}},"21":{"start":{"line":56,"column":43},"end":{"line":56,"column":51}},"22":{"start":{"line":58,"column":34},"end":{"line":58,"column":62}},"23":{"start":{"line":60,"column":12},"end":{"line":62,"column":13}},"24":{"start":{"line":61,"column":16},"end":{"line":61,"column":127}},"25":{"start":{"line":64,"column":26},"end":{"line":64,"column":81}},"26":{"start":{"line":65,"column":12},"end":{"line":67,"column":13}},"27":{"start":{"line":66,"column":16},"end":{"line":66,"column":82}},"28":{"start":{"line":69,"column":12},"end":{"line":69,"column":54}},"29":{"start":{"line":70,"column":12},"end":{"line":70,"column":116}},"30":{"start":{"line":72,"column":12},"end":{"line":72,"column":33}},"31":{"start":{"line":73,"column":12},"end":{"line":73,"column":129}},"32":{"start":{"line":77,"column":8},"end":{"line":98,"column":9}},"33":{"start":{"line":78,"column":32},"end":{"line":78,"column":42}},"34":{"start":{"line":79,"column":34},"end":{"line":79,"column":62}},"35":{"start":{"line":81,"column":12},"end":{"line":83,"column":13}},"36":{"start":{"line":82,"column":16},"end":{"line":82,"column":113}},"37":{"start":{"line":85,"column":26},"end":{"line":85,"column":81}},"38":{"start":{"line":87,"column":12},"end":{"line":89,"column":13}},"39":{"start":{"line":88,"column":16},"end":{"line":88,"column":82}},"40":{"start":{"line":91,"column":12},"end":{"line":91,"column":78}},"41":{"start":{"line":92,"column":12},"end":{"line":92,"column":34}},"42":{"start":{"line":94,"column":12},"end":{"line":94,"column":88}},"43":{"start":{"line":96,"column":12},"end":{"line":96,"column":33}},"44":{"start":{"line":97,"column":12},"end":{"line":97,"column":119}},"45":{"start":{"line":101,"column":8},"end":{"line":130,"column":9}},"46":{"start":{"line":108,"column":27},"end":{"line":124,"column":14}},"47":{"start":{"line":126,"column":12},"end":{"line":126,"column":60}},"48":{"start":{"line":128,"column":12},"end":{"line":128,"column":33}},"49":{"start":{"line":129,"column":12},"end":{"line":129,"column":119}},"50":{"start":{"line":133,"column":8},"end":{"line":174,"column":9}},"51":{"start":{"line":134,"column":32},"end":{"line":134,"column":42}},"52":{"start":{"line":135,"column":34},"end":{"line":135,"column":62}},"53":{"start":{"line":137,"column":27},"end":{"line":137,"column":58}},"54":{"start":{"line":139,"column":12},"end":{"line":141,"column":13}},"55":{"start":{"line":140,"column":16},"end":{"line":140,"column":117}},"56":{"start":{"line":143,"column":26},"end":{"line":160,"column":14}},"57":{"start":{"line":162,"column":12},"end":{"line":164,"column":13}},"58":{"start":{"line":163,"column":16},"end":{"line":163,"column":82}},"59":{"start":{"line":166,"column":12},"end":{"line":168,"column":13}},"60":{"start":{"line":167,"column":16},"end":{"line":167,"column":113}},"61":{"start":{"line":170,"column":12},"end":{"line":170,"column":59}},"62":{"start":{"line":172,"column":12},"end":{"line":172,"column":33}},"63":{"start":{"line":173,"column":12},"end":{"line":173,"column":120}},"64":{"start":{"line":178,"column":8},"end":{"line":205,"column":9}},"65":{"start":{"line":180,"column":25},"end":{"line":180,"column":38}},"66":{"start":{"line":182,"column":27},"end":{"line":197,"column":12}},"67":{"start":{"line":201,"column":10},"end":{"line":201,"column":60}},"68":{"start":{"line":203,"column":10},"end":{"line":203,"column":31}},"69":{"start":{"line":204,"column":10},"end":{"line":204,"column":134}}},"fnMap":{"0":{"name":"(anonymous_0)","decl":{"start":{"line":6,"column":12},"end":{"line":6,"column":13}},"loc":{"start":{"line":6,"column":32},"end":{"line":52,"column":5}},"line":6},"1":{"name":"(anonymous_1)","decl":{"start":{"line":18,"column":42},"end":{"line":18,"column":43}},"loc":{"start":{"line":18,"column":60},"end":{"line":29,"column":13}},"line":18},"2":{"name":"(anonymous_2)","decl":{"start":{"line":53,"column":18},"end":{"line":53,"column":19}},"loc":{"start":{"line":53,"column":38},"end":{"line":75,"column":5}},"line":53},"3":{"name":"(anonymous_3)","decl":{"start":{"line":76,"column":12},"end":{"line":76,"column":13}},"loc":{"start":{"line":76,"column":32},"end":{"line":99,"column":5}},"line":76},"4":{"name":"(anonymous_4)","decl":{"start":{"line":100,"column":12},"end":{"line":100,"column":13}},"loc":{"start":{"line":100,"column":32},"end":{"line":131,"column":5}},"line":100},"5":{"name":"(anonymous_5)","decl":{"start":{"line":132,"column":12},"end":{"line":132,"column":13}},"loc":{"start":{"line":132,"column":32},"end":{"line":175,"column":5}},"line":132},"6":{"name":"(anonymous_6)","decl":{"start":{"line":176,"column":20},"end":{"line":176,"column":21}},"loc":{"start":{"line":176,"column":40},"end":{"line":206,"column":5}},"line":176}},"branchMap":{"0":{"loc":{"start":{"line":14,"column":12},"end":{"line":16,"column":13}},"type":"if","locations":[{"start":{"line":14,"column":12},"end":{"line":16,"column":13}},{"start":{},"end":{}}],"line":14},"1":{"loc":{"start":{"line":23,"column":16},"end":{"line":28,"column":17}},"type":"if","locations":[{"start":{"line":23,"column":16},"end":{"line":28,"column":17}},{"start":{"line":25,"column":23},"end":{"line":28,"column":17}}],"line":23},"2":{"loc":{"start":{"line":60,"column":12},"end":{"line":62,"column":13}},"type":"if","locations":[{"start":{"line":60,"column":12},"end":{"line":62,"column":13}},{"start":{},"end":{}}],"line":60},"3":{"loc":{"start":{"line":65,"column":12},"end":{"line":67,"column":13}},"type":"if","locations":[{"start":{"line":65,"column":12},"end":{"line":67,"column":13}},{"start":{},"end":{}}],"line":65},"4":{"loc":{"start":{"line":81,"column":12},"end":{"line":83,"column":13}},"type":"if","locations":[{"start":{"line":81,"column":12},"end":{"line":83,"column":13}},{"start":{},"end":{}}],"line":81},"5":{"loc":{"start":{"line":87,"column":12},"end":{"line":89,"column":13}},"type":"if","locations":[{"start":{"line":87,"column":12},"end":{"line":89,"column":13}},{"start":{},"end":{}}],"line":87},"6":{"loc":{"start":{"line":139,"column":12},"end":{"line":141,"column":13}},"type":"if","locations":[{"start":{"line":139,"column":12},"end":{"line":141,"column":13}},{"start":{},"end":{}}],"line":139},"7":{"loc":{"start":{"line":162,"column":12},"end":{"line":164,"column":13}},"type":"if","locations":[{"start":{"line":162,"column":12},"end":{"line":164,"column":13}},{"start":{},"end":{}}],"line":162},"8":{"loc":{"start":{"line":166,"column":12},"end":{"line":168,"column":13}},"type":"if","locations":[{"start":{"line":166,"column":12},"end":{"line":168,"column":13}},{"start":{},"end":{}}],"line":166},"9":{"loc":{"start":{"line":166,"column":16},"end":{"line":166,"column":77}},"type":"binary-expr","locations":[{"start":{"line":166,"column":16},"end":{"line":166,"column":39}},{"start":{"line":166,"column":43},"end":{"line":166,"column":77}}],"line":166}},"s":{"0":3,"1":3,"2":3,"3":1,"4":1,"5":1,"6":1,"7":0,"8":1,"9":2,"10":2,"11":2,"12":0,"13":0,"14":1,"15":1,"16":2,"17":1,"18":0,"19":0,"20":0,"21":0,"22":0,"23":0,"24":0,"25":0,"26":0,"27":0,"28":0,"29":0,"30":0,"31":0,"32":0,"33":0,"34":0,"35":0,"36":0,"37":0,"38":0,"39":0,"40":0,"41":0,"42":0,"43":0,"44":0,"45":1,"46":1,"47":1,"48":0,"49":0,"50":2,"51":2,"52":2,"53":2,"54":2,"55":0,"56":2,"57":2,"58":0,"59":2,"60":0,"61":2,"62":0,"63":0,"64":1,"65":1,"66":1,"67":1,"68":0,"69":0},"f":{"0":1,"1":2,"2":0,"3":0,"4":1,"5":2,"6":1},"b":{"0":[0,1],"1":[2,0],"2":[0,0],"3":[0,0],"4":[0,0],"5":[0,0],"6":[0,2],"7":[0,2],"8":[0,2],"9":[2,1]},"_coverageSchema":"1a1c01bbd47fc00a2c39e90264f33305004495a9","hash":"2256d8989a38d2e545a3061a1f82b5682f329c9d"}
,"C:\\Users\\miria\\OneDrive\\Bureau\\watch\\backend\\controllers\\ordersItemsCtrl.js": {"path":"C:\\Users\\miria\\OneDrive\\Bureau\\watch\\backend\\controllers\\ordersItemsCtrl.js","statementMap":{"0":{"start":{"line":1,"column":15},"end":{"line":1,"column":35}},"1":{"start":{"line":2,"column":17},"end":{"line":2,"column":50}},"2":{"start":{"line":4,"column":0},"end":{"line":87,"column":2}},"3":{"start":{"line":7,"column":8},"end":{"line":45,"column":9}},"4":{"start":{"line":8,"column":44},"end":{"line":8,"column":52}},"5":{"start":{"line":9,"column":34},"end":{"line":9,"column":62}},"6":{"start":{"line":11,"column":27},"end":{"line":11,"column":58}},"7":{"start":{"line":13,"column":12},"end":{"line":15,"column":13}},"8":{"start":{"line":14,"column":16},"end":{"line":14,"column":117}},"9":{"start":{"line":17,"column":26},"end":{"line":19,"column":14}},"10":{"start":{"line":21,"column":12},"end":{"line":23,"column":13}},"11":{"start":{"line":22,"column":16},"end":{"line":22,"column":82}},"12":{"start":{"line":26,"column":12},"end":{"line":28,"column":13}},"13":{"start":{"line":27,"column":16},"end":{"line":27,"column":127}},"14":{"start":{"line":31,"column":12},"end":{"line":39,"column":13}},"15":{"start":{"line":32,"column":34},"end":{"line":34,"column":18}},"16":{"start":{"line":36,"column":16},"end":{"line":38,"column":17}},"17":{"start":{"line":37,"column":20},"end":{"line":37,"column":72}},"18":{"start":{"line":41,"column":12},"end":{"line":41,"column":120}},"19":{"start":{"line":43,"column":12},"end":{"line":43,"column":33}},"20":{"start":{"line":44,"column":12},"end":{"line":44,"column":146}},"21":{"start":{"line":49,"column":8},"end":{"line":85,"column":9}},"22":{"start":{"line":50,"column":45},"end":{"line":50,"column":55}},"23":{"start":{"line":51,"column":34},"end":{"line":51,"column":62}},"24":{"start":{"line":53,"column":27},"end":{"line":53,"column":58}},"25":{"start":{"line":55,"column":12},"end":{"line":57,"column":13}},"26":{"start":{"line":56,"column":16},"end":{"line":56,"column":117}},"27":{"start":{"line":59,"column":26},"end":{"line":61,"column":14}},"28":{"start":{"line":63,"column":12},"end":{"line":65,"column":13}},"29":{"start":{"line":64,"column":16},"end":{"line":64,"column":82}},"30":{"start":{"line":68,"column":12},"end":{"line":70,"column":13}},"31":{"start":{"line":69,"column":16},"end":{"line":69,"column":127}},"32":{"start":{"line":73,"column":37},"end":{"line":75,"column":14}},"33":{"start":{"line":77,"column":12},"end":{"line":79,"column":13}},"34":{"start":{"line":78,"column":16},"end":{"line":78,"column":95}},"35":{"start":{"line":81,"column":12},"end":{"line":81,"column":101}},"36":{"start":{"line":83,"column":12},"end":{"line":83,"column":33}},"37":{"start":{"line":84,"column":12},"end":{"line":84,"column":130}}},"fnMap":{"0":{"name":"(anonymous_0)","decl":{"start":{"line":6,"column":33},"end":{"line":6,"column":34}},"loc":{"start":{"line":6,"column":53},"end":{"line":46,"column":5}},"line":6},"1":{"name":"(anonymous_1)","decl":{"start":{"line":48,"column":28},"end":{"line":48,"column":29}},"loc":{"start":{"line":48,"column":48},"end":{"line":86,"column":5}},"line":48}},"branchMap":{"0":{"loc":{"start":{"line":13,"column":12},"end":{"line":15,"column":13}},"type":"if","locations":[{"start":{"line":13,"column":12},"end":{"line":15,"column":13}},{"start":{},"end":{}}],"line":13},"1":{"loc":{"start":{"line":21,"column":12},"end":{"line":23,"column":13}},"type":"if","locations":[{"start":{"line":21,"column":12},"end":{"line":23,"column":13}},{"start":{},"end":{}}],"line":21},"2":{"loc":{"start":{"line":26,"column":12},"end":{"line":28,"column":13}},"type":"if","locations":[{"start":{"line":26,"column":12},"end":{"line":28,"column":13}},{"start":{},"end":{}}],"line":26},"3":{"loc":{"start":{"line":26,"column":16},"end":{"line":26,"column":77}},"type":"binary-expr","locations":[{"start":{"line":26,"column":16},"end":{"line":26,"column":39}},{"start":{"line":26,"column":43},"end":{"line":26,"column":77}}],"line":26},"4":{"loc":{"start":{"line":36,"column":16},"end":{"line":38,"column":17}},"type":"if","locations":[{"start":{"line":36,"column":16},"end":{"line":38,"column":17}},{"start":{},"end":{}}],"line":36},"5":{"loc":{"start":{"line":55,"column":12},"end":{"line":57,"column":13}},"type":"if","locations":[{"start":{"line":55,"column":12},"end":{"line":57,"column":13}},{"start":{},"end":{}}],"line":55},"6":{"loc":{"start":{"line":63,"column":12},"end":{"line":65,"column":13}},"type":"if","locations":[{"start":{"line":63,"column":12},"end":{"line":65,"column":13}},{"start":{},"end":{}}],"line":63},"7":{"loc":{"start":{"line":68,"column":12},"end":{"line":70,"column":13}},"type":"if","locations":[{"start":{"line":68,"column":12},"end":{"line":70,"column":13}},{"start":{},"end":{}}],"line":68},"8":{"loc":{"start":{"line":68,"column":16},"end":{"line":68,"column":77}},"type":"binary-expr","locations":[{"start":{"line":68,"column":16},"end":{"line":68,"column":39}},{"start":{"line":68,"column":43},"end":{"line":68,"column":77}}],"line":68},"9":{"loc":{"start":{"line":77,"column":12},"end":{"line":79,"column":13}},"type":"if","locations":[{"start":{"line":77,"column":12},"end":{"line":79,"column":13}},{"start":{},"end":{}}],"line":77}},"s":{"0":2,"1":2,"2":2,"3":0,"4":0,"5":0,"6":0,"7":0,"8":0,"9":0,"10":0,"11":0,"12":0,"13":0,"14":0,"15":0,"16":0,"17":0,"18":0,"19":0,"20":0,"21":0,"22":0,"23":0,"24":0,"25":0,"26":0,"27":0,"28":0,"29":0,"30":0,"31":0,"32":0,"33":0,"34":0,"35":0,"36":0,"37":0},"f":{"0":0,"1":0},"b":{"0":[0,0],"1":[0,0],"2":[0,0],"3":[0,0],"4":[0,0],"5":[0,0],"6":[0,0],"7":[0,0],"8":[0,0],"9":[0,0]},"_coverageSchema":"1a1c01bbd47fc00a2c39e90264f33305004495a9","hash":"9e3a66d4323a41cd2dc6a5c9e2fdf5f1fb44c6e3"}
,"C:\\Users\\miria\\OneDrive\\Bureau\\watch\\backend\\controllers\\productsCtrl.js": {"path":"C:\\Users\\miria\\OneDrive\\Bureau\\watch\\backend\\controllers\\productsCtrl.js","statementMap":{"0":{"start":{"line":1,"column":17},"end":{"line":1,"column":50}},"1":{"start":{"line":2,"column":15},"end":{"line":2,"column":35}},"2":{"start":{"line":4,"column":0},"end":{"line":150,"column":1}},"3":{"start":{"line":8,"column":59},"end":{"line":8,"column":67}},"4":{"start":{"line":9,"column":30},"end":{"line":9,"column":58}},"5":{"start":{"line":10,"column":26},"end":{"line":10,"column":59}},"6":{"start":{"line":11,"column":22},"end":{"line":11,"column":30}},"7":{"start":{"line":13,"column":8},"end":{"line":15,"column":9}},"8":{"start":{"line":14,"column":12},"end":{"line":14,"column":101}},"9":{"start":{"line":17,"column":8},"end":{"line":19,"column":9}},"10":{"start":{"line":18,"column":12},"end":{"line":18,"column":90}},"11":{"start":{"line":21,"column":8},"end":{"line":36,"column":9}},"12":{"start":{"line":22,"column":12},"end":{"line":22,"column":39}},"13":{"start":{"line":23,"column":31},"end":{"line":30,"column":14}},"14":{"start":{"line":32,"column":12},"end":{"line":32,"column":100}},"15":{"start":{"line":34,"column":12},"end":{"line":34,"column":33}},"16":{"start":{"line":35,"column":12},"end":{"line":35,"column":112}},"17":{"start":{"line":41,"column":19},"end":{"line":41,"column":32}},"18":{"start":{"line":42,"column":54},"end":{"line":42,"column":62}},"19":{"start":{"line":43,"column":22},"end":{"line":43,"column":30}},"20":{"start":{"line":44,"column":30},"end":{"line":44,"column":58}},"21":{"start":{"line":45,"column":26},"end":{"line":45,"column":59}},"22":{"start":{"line":47,"column":8},"end":{"line":49,"column":9}},"23":{"start":{"line":48,"column":12},"end":{"line":48,"column":104}},"24":{"start":{"line":51,"column":8},"end":{"line":53,"column":9}},"25":{"start":{"line":52,"column":12},"end":{"line":52,"column":90}},"26":{"start":{"line":55,"column":24},"end":{"line":58,"column":10}},"27":{"start":{"line":60,"column":8},"end":{"line":62,"column":9}},"28":{"start":{"line":61,"column":12},"end":{"line":61,"column":76}},"29":{"start":{"line":64,"column":30},"end":{"line":73,"column":9}},"30":{"start":{"line":75,"column":8},"end":{"line":81,"column":9}},"31":{"start":{"line":76,"column":12},"end":{"line":76,"column":48}},"32":{"start":{"line":77,"column":12},"end":{"line":77,"column":97}},"33":{"start":{"line":79,"column":12},"end":{"line":79,"column":33}},"34":{"start":{"line":80,"column":12},"end":{"line":80,"column":88}},"35":{"start":{"line":86,"column":19},"end":{"line":86,"column":32}},"36":{"start":{"line":88,"column":30},"end":{"line":88,"column":58}},"37":{"start":{"line":89,"column":26},"end":{"line":89,"column":59}},"38":{"start":{"line":91,"column":8},"end":{"line":93,"column":9}},"39":{"start":{"line":92,"column":12},"end":{"line":92,"column":105}},"40":{"start":{"line":95,"column":24},"end":{"line":98,"column":10}},"41":{"start":{"line":100,"column":8},"end":{"line":102,"column":9}},"42":{"start":{"line":101,"column":12},"end":{"line":101,"column":76}},"43":{"start":{"line":104,"column":8},"end":{"line":112,"column":9}},"44":{"start":{"line":105,"column":12},"end":{"line":111,"column":14}},"45":{"start":{"line":108,"column":16},"end":{"line":108,"column":74}},"46":{"start":{"line":110,"column":16},"end":{"line":110,"column":90}},"47":{"start":{"line":117,"column":8},"end":{"line":126,"column":9}},"48":{"start":{"line":118,"column":29},"end":{"line":120,"column":14}},"49":{"start":{"line":122,"column":12},"end":{"line":122,"column":64}},"50":{"start":{"line":124,"column":12},"end":{"line":124,"column":33}},"51":{"start":{"line":125,"column":12},"end":{"line":125,"column":80}},"52":{"start":{"line":131,"column":26},"end":{"line":131,"column":39}},"53":{"start":{"line":133,"column":8},"end":{"line":147,"column":9}},"54":{"start":{"line":134,"column":28},"end":{"line":137,"column":14}},"55":{"start":{"line":139,"column":12},"end":{"line":141,"column":13}},"56":{"start":{"line":140,"column":16},"end":{"line":140,"column":80}},"57":{"start":{"line":143,"column":12},"end":{"line":143,"column":63}},"58":{"start":{"line":145,"column":12},"end":{"line":145,"column":33}},"59":{"start":{"line":146,"column":12},"end":{"line":146,"column":81}}},"fnMap":{"0":{"name":"(anonymous_0)","decl":{"start":{"line":6,"column":12},"end":{"line":6,"column":13}},"loc":{"start":{"line":6,"column":32},"end":{"line":37,"column":5}},"line":6},"1":{"name":"(anonymous_1)","decl":{"start":{"line":39,"column":12},"end":{"line":39,"column":13}},"loc":{"start":{"line":39,"column":32},"end":{"line":82,"column":5}},"line":39},"2":{"name":"(anonymous_2)","decl":{"start":{"line":84,"column":12},"end":{"line":84,"column":13}},"loc":{"start":{"line":84,"column":32},"end":{"line":113,"column":5}},"line":84},"3":{"name":"(anonymous_3)","decl":{"start":{"line":107,"column":20},"end":{"line":107,"column":21}},"loc":{"start":{"line":107,"column":26},"end":{"line":109,"column":13}},"line":107},"4":{"name":"(anonymous_4)","decl":{"start":{"line":109,"column":21},"end":{"line":109,"column":22}},"loc":{"start":{"line":109,"column":28},"end":{"line":111,"column":13}},"line":109},"5":{"name":"(anonymous_5)","decl":{"start":{"line":115,"column":20},"end":{"line":115,"column":21}},"loc":{"start":{"line":115,"column":40},"end":{"line":127,"column":5}},"line":115},"6":{"name":"(anonymous_6)","decl":{"start":{"line":129,"column":19},"end":{"line":129,"column":20}},"loc":{"start":{"line":129,"column":39},"end":{"line":148,"column":5}},"line":129}},"branchMap":{"0":{"loc":{"start":{"line":13,"column":8},"end":{"line":15,"column":9}},"type":"if","locations":[{"start":{"line":13,"column":8},"end":{"line":15,"column":9}},{"start":{},"end":{}}],"line":13},"1":{"loc":{"start":{"line":17,"column":8},"end":{"line":19,"column":9}},"type":"if","locations":[{"start":{"line":17,"column":8},"end":{"line":19,"column":9}},{"start":{},"end":{}}],"line":17},"2":{"loc":{"start":{"line":17,"column":12},"end":{"line":17,"column":63}},"type":"binary-expr","locations":[{"start":{"line":17,"column":12},"end":{"line":17,"column":17}},{"start":{"line":17,"column":21},"end":{"line":17,"column":33}},{"start":{"line":17,"column":37},"end":{"line":17,"column":42}},{"start":{"line":17,"column":46},"end":{"line":17,"column":52}},{"start":{"line":17,"column":56},"end":{"line":17,"column":63}}],"line":17},"3":{"loc":{"start":{"line":26,"column":23},"end":{"line":26,"column":58}},"type":"cond-expr","locations":[{"start":{"line":26,"column":31},"end":{"line":26,"column":45}},{"start":{"line":26,"column":48},"end":{"line":26,"column":58}}],"line":26},"4":{"loc":{"start":{"line":47,"column":8},"end":{"line":49,"column":9}},"type":"if","locations":[{"start":{"line":47,"column":8},"end":{"line":49,"column":9}},{"start":{},"end":{}}],"line":47},"5":{"loc":{"start":{"line":51,"column":8},"end":{"line":53,"column":9}},"type":"if","locations":[{"start":{"line":51,"column":8},"end":{"line":53,"column":9}},{"start":{},"end":{}}],"line":51},"6":{"loc":{"start":{"line":51,"column":12},"end":{"line":51,"column":78}},"type":"binary-expr","locations":[{"start":{"line":51,"column":12},"end":{"line":51,"column":23}},{"start":{"line":51,"column":27},"end":{"line":51,"column":45}},{"start":{"line":51,"column":49},"end":{"line":51,"column":60}},{"start":{"line":51,"column":64},"end":{"line":51,"column":78}}],"line":51},"7":{"loc":{"start":{"line":60,"column":8},"end":{"line":62,"column":9}},"type":"if","locations":[{"start":{"line":60,"column":8},"end":{"line":62,"column":9}},{"start":{},"end":{}}],"line":60},"8":{"loc":{"start":{"line":66,"column":18},"end":{"line":66,"column":45}},"type":"cond-expr","locations":[{"start":{"line":66,"column":25},"end":{"line":66,"column":29}},{"start":{"line":66,"column":32},"end":{"line":66,"column":45}}],"line":66},"9":{"loc":{"start":{"line":67,"column":25},"end":{"line":67,"column":72}},"type":"cond-expr","locations":[{"start":{"line":67,"column":39},"end":{"line":67,"column":50}},{"start":{"line":67,"column":53},"end":{"line":67,"column":72}}],"line":67},"10":{"loc":{"start":{"line":68,"column":18},"end":{"line":68,"column":44}},"type":"cond-expr","locations":[{"start":{"line":68,"column":25},"end":{"line":68,"column":29}},{"start":{"line":68,"column":32},"end":{"line":68,"column":44}}],"line":68},"11":{"loc":{"start":{"line":69,"column":20},"end":{"line":69,"column":52}},"type":"cond-expr","locations":[{"start":{"line":69,"column":29},"end":{"line":69,"column":35}},{"start":{"line":69,"column":38},"end":{"line":69,"column":52}}],"line":69},"12":{"loc":{"start":{"line":70,"column":19},"end":{"line":70,"column":48}},"type":"cond-expr","locations":[{"start":{"line":70,"column":27},"end":{"line":70,"column":32}},{"start":{"line":70,"column":35},"end":{"line":70,"column":48}}],"line":70},"13":{"loc":{"start":{"line":71,"column":19},"end":{"line":71,"column":57}},"type":"cond-expr","locations":[{"start":{"line":71,"column":27},"end":{"line":71,"column":41}},{"start":{"line":71,"column":44},"end":{"line":71,"column":57}}],"line":71},"14":{"loc":{"start":{"line":91,"column":8},"end":{"line":93,"column":9}},"type":"if","locations":[{"start":{"line":91,"column":8},"end":{"line":93,"column":9}},{"start":{},"end":{}}],"line":91},"15":{"loc":{"start":{"line":100,"column":8},"end":{"line":102,"column":9}},"type":"if","locations":[{"start":{"line":100,"column":8},"end":{"line":102,"column":9}},{"start":{},"end":{}}],"line":100},"16":{"loc":{"start":{"line":104,"column":8},"end":{"line":112,"column":9}},"type":"if","locations":[{"start":{"line":104,"column":8},"end":{"line":112,"column":9}},{"start":{},"end":{}}],"line":104},"17":{"loc":{"start":{"line":139,"column":12},"end":{"line":141,"column":13}},"type":"if","locations":[{"start":{"line":139,"column":12},"end":{"line":141,"column":13}},{"start":{},"end":{}}],"line":139}},"s":{"0":3,"1":3,"2":3,"3":3,"4":3,"5":3,"6":3,"7":3,"8":1,"9":2,"10":1,"11":1,"12":1,"13":1,"14":1,"15":0,"16":0,"17":3,"18":3,"19":3,"20":3,"21":3,"22":3,"23":1,"24":2,"25":0,"26":2,"27":2,"28":1,"29":1,"30":1,"31":1,"32":1,"33":0,"34":0,"35":3,"36":3,"37":3,"38":3,"39":1,"40":2,"41":2,"42":1,"43":1,"44":1,"45":1,"46":0,"47":3,"48":3,"49":2,"50":1,"51":1,"52":3,"53":3,"54":3,"55":2,"56":1,"57":1,"58":1,"59":1},"f":{"0":3,"1":3,"2":3,"3":1,"4":0,"5":3,"6":3},"b":{"0":[1,2],"1":[1,1],"2":[2,2,1,1,1],"3":[1,0],"4":[1,2],"5":[0,2],"6":[2,0,0,0],"7":[1,1],"8":[1,0],"9":[1,0],"10":[1,0],"11":[1,0],"12":[1,0],"13":[1,0],"14":[1,2],"15":[1,1],"16":[1,0],"17":[1,1]},"_coverageSchema":"1a1c01bbd47fc00a2c39e90264f33305004495a9","hash":"a7eba5f09d60f682cbc5fedb9f9d834101ccca6a"}
,"C:\\Users\\miria\\OneDrive\\Bureau\\watch\\backend\\controllers\\usersCtrl.js": {"path":"C:\\Users\\miria\\OneDrive\\Bureau\\watch\\backend\\controllers\\usersCtrl.js","statementMap":{"0":{"start":{"line":1,"column":15},"end":{"line":1,"column":35}},"1":{"start":{"line":2,"column":15},"end":{"line":2,"column":32}},"2":{"start":{"line":3,"column":12},"end":{"line":3,"column":35}},"3":{"start":{"line":4,"column":17},"end":{"line":4,"column":50}},"4":{"start":{"line":5,"column":0},"end":{"line":5,"column":52}},"5":{"start":{"line":6,"column":19},"end":{"line":6,"column":21}},"6":{"start":{"line":7,"column":18},"end":{"line":7,"column":38}},"7":{"start":{"line":8,"column":22},"end":{"line":8,"column":75}},"8":{"start":{"line":10,"column":0},"end":{"line":187,"column":2}},"9":{"start":{"line":14,"column":49},"end":{"line":14,"column":57}},"10":{"start":{"line":16,"column":8},"end":{"line":18,"column":9}},"11":{"start":{"line":17,"column":9},"end":{"line":17,"column":87}},"12":{"start":{"line":20,"column":25},"end":{"line":20,"column":43}},"13":{"start":{"line":21,"column":7},"end":{"line":22,"column":171}},"14":{"start":{"line":22,"column":8},"end":{"line":22,"column":170}},"15":{"start":{"line":24,"column":8},"end":{"line":25,"column":75}},"16":{"start":{"line":25,"column":8},"end":{"line":25,"column":74}},"17":{"start":{"line":27,"column":8},"end":{"line":29,"column":9}},"18":{"start":{"line":28,"column":8},"end":{"line":28,"column":67}},"19":{"start":{"line":31,"column":8},"end":{"line":60,"column":69}},"20":{"start":{"line":33,"column":25},"end":{"line":33,"column":80}},"21":{"start":{"line":35,"column":12},"end":{"line":57,"column":105}},"22":{"start":{"line":37,"column":16},"end":{"line":56,"column":15}},"23":{"start":{"line":39,"column":20},"end":{"line":41,"column":17}},"24":{"start":{"line":40,"column":20},"end":{"line":40,"column":80}},"25":{"start":{"line":43,"column":32},"end":{"line":49,"column":18}},"26":{"start":{"line":51,"column":16},"end":{"line":55,"column":77}},"27":{"start":{"line":53,"column":16},"end":{"line":53,"column":77}},"28":{"start":{"line":55,"column":16},"end":{"line":55,"column":76}},"29":{"start":{"line":57,"column":12},"end":{"line":57,"column":104}},"30":{"start":{"line":60,"column":8},"end":{"line":60,"column":68}},"31":{"start":{"line":64,"column":36},"end":{"line":64,"column":44}},"32":{"start":{"line":66,"column":8},"end":{"line":68,"column":9}},"33":{"start":{"line":67,"column":12},"end":{"line":67,"column":90}},"34":{"start":{"line":69,"column":8},"end":{"line":71,"column":9}},"35":{"start":{"line":70,"column":12},"end":{"line":70,"column":72}},"36":{"start":{"line":72,"column":8},"end":{"line":74,"column":9}},"37":{"start":{"line":73,"column":12},"end":{"line":73,"column":69}},"38":{"start":{"line":75,"column":21},"end":{"line":75,"column":76}},"39":{"start":{"line":77,"column":8},"end":{"line":93,"column":9}},"40":{"start":{"line":79,"column":35},"end":{"line":79,"column":80}},"41":{"start":{"line":81,"column":12},"end":{"line":90,"column":13}},"42":{"start":{"line":84,"column":39},"end":{"line":84,"column":44}},"43":{"start":{"line":85,"column":16},"end":{"line":85,"column":191}},"44":{"start":{"line":86,"column":16},"end":{"line":86,"column":62}},"45":{"start":{"line":89,"column":16},"end":{"line":89,"column":77}},"46":{"start":{"line":92,"column":12},"end":{"line":92,"column":71}},"47":{"start":{"line":97,"column":19},"end":{"line":97,"column":32}},"48":{"start":{"line":99,"column":49},"end":{"line":99,"column":57}},"49":{"start":{"line":102,"column":8},"end":{"line":104,"column":9}},"50":{"start":{"line":103,"column":12},"end":{"line":103,"column":78}},"51":{"start":{"line":106,"column":21},"end":{"line":106,"column":66}},"52":{"start":{"line":108,"column":8},"end":{"line":110,"column":9}},"53":{"start":{"line":109,"column":12},"end":{"line":109,"column":71}},"54":{"start":{"line":113,"column":8},"end":{"line":137,"column":9}},"55":{"start":{"line":114,"column":12},"end":{"line":125,"column":15}},"56":{"start":{"line":115,"column":16},"end":{"line":124,"column":19}},"57":{"start":{"line":121,"column":20},"end":{"line":121,"column":87}},"58":{"start":{"line":123,"column":20},"end":{"line":123,"column":95}},"59":{"start":{"line":128,"column":12},"end":{"line":136,"column":15}},"60":{"start":{"line":133,"column":16},"end":{"line":133,"column":83}},"61":{"start":{"line":135,"column":16},"end":{"line":135,"column":91}},"62":{"start":{"line":140,"column":19},"end":{"line":140,"column":32}},"63":{"start":{"line":142,"column":21},"end":{"line":142,"column":70}},"64":{"start":{"line":144,"column":8},"end":{"line":146,"column":9}},"65":{"start":{"line":145,"column":12},"end":{"line":145,"column":71}},"66":{"start":{"line":147,"column":8},"end":{"line":155,"column":9}},"67":{"start":{"line":148,"column":12},"end":{"line":154,"column":14}},"68":{"start":{"line":151,"column":16},"end":{"line":151,"column":81}},"69":{"start":{"line":153,"column":16},"end":{"line":153,"column":90}},"70":{"start":{"line":159,"column":8},"end":{"line":161,"column":9}},"71":{"start":{"line":160,"column":12},"end":{"line":160,"column":71}},"72":{"start":{"line":163,"column":8},"end":{"line":169,"column":14}},"73":{"start":{"line":165,"column":16},"end":{"line":165,"column":61}},"74":{"start":{"line":168,"column":16},"end":{"line":168,"column":84}},"75":{"start":{"line":172,"column":30},"end":{"line":172,"column":58}},"76":{"start":{"line":174,"column":23},"end":{"line":174,"column":54}},"77":{"start":{"line":176,"column":8},"end":{"line":178,"column":9}},"78":{"start":{"line":177,"column":12},"end":{"line":177,"column":74}},"79":{"start":{"line":180,"column":8},"end":{"line":185,"column":10}},"80":{"start":{"line":182,"column":12},"end":{"line":182,"column":56}},"81":{"start":{"line":184,"column":12},"end":{"line":184,"column":79}}},"fnMap":{"0":{"name":"(anonymous_0)","decl":{"start":{"line":12,"column":14},"end":{"line":12,"column":15}},"loc":{"start":{"line":12,"column":34},"end":{"line":61,"column":5}},"line":12},"1":{"name":"(anonymous_1)","decl":{"start":{"line":37,"column":50},"end":{"line":37,"column":51}},"loc":{"start":{"line":37,"column":71},"end":{"line":56,"column":13}},"line":37},"2":{"name":"(anonymous_2)","decl":{"start":{"line":62,"column":10},"end":{"line":62,"column":11}},"loc":{"start":{"line":62,"column":30},"end":{"line":94,"column":5}},"line":62},"3":{"name":"(anonymous_3)","decl":{"start":{"line":95,"column":16},"end":{"line":95,"column":17}},"loc":{"start":{"line":95,"column":36},"end":{"line":138,"column":5}},"line":95},"4":{"name":"(anonymous_4)","decl":{"start":{"line":114,"column":46},"end":{"line":114,"column":47}},"loc":{"start":{"line":114,"column":67},"end":{"line":125,"column":13}},"line":114},"5":{"name":"(anonymous_5)","decl":{"start":{"line":120,"column":24},"end":{"line":120,"column":25}},"loc":{"start":{"line":120,"column":30},"end":{"line":122,"column":17}},"line":120},"6":{"name":"(anonymous_6)","decl":{"start":{"line":122,"column":25},"end":{"line":122,"column":26}},"loc":{"start":{"line":122,"column":32},"end":{"line":124,"column":17}},"line":122},"7":{"name":"(anonymous_7)","decl":{"start":{"line":132,"column":20},"end":{"line":132,"column":21}},"loc":{"start":{"line":132,"column":26},"end":{"line":134,"column":13}},"line":132},"8":{"name":"(anonymous_8)","decl":{"start":{"line":134,"column":21},"end":{"line":134,"column":22}},"loc":{"start":{"line":134,"column":28},"end":{"line":136,"column":13}},"line":134},"9":{"name":"(anonymous_9)","decl":{"start":{"line":139,"column":16},"end":{"line":139,"column":17}},"loc":{"start":{"line":139,"column":36},"end":{"line":156,"column":5}},"line":139},"10":{"name":"(anonymous_10)","decl":{"start":{"line":150,"column":20},"end":{"line":150,"column":21}},"loc":{"start":{"line":150,"column":26},"end":{"line":152,"column":13}},"line":150},"11":{"name":"(anonymous_11)","decl":{"start":{"line":152,"column":21},"end":{"line":152,"column":22}},"loc":{"start":{"line":152,"column":28},"end":{"line":154,"column":13}},"line":152},"12":{"name":"(anonymous_12)","decl":{"start":{"line":157,"column":17},"end":{"line":157,"column":18}},"loc":{"start":{"line":157,"column":37},"end":{"line":170,"column":5}},"line":157},"13":{"name":"(anonymous_13)","decl":{"start":{"line":164,"column":18},"end":{"line":164,"column":19}},"loc":{"start":{"line":164,"column":29},"end":{"line":166,"column":13}},"line":164},"14":{"name":"(anonymous_14)","decl":{"start":{"line":167,"column":19},"end":{"line":167,"column":20}},"loc":{"start":{"line":167,"column":26},"end":{"line":169,"column":13}},"line":167},"15":{"name":"(anonymous_15)","decl":{"start":{"line":171,"column":20},"end":{"line":171,"column":21}},"loc":{"start":{"line":171,"column":40},"end":{"line":186,"column":5}},"line":171},"16":{"name":"(anonymous_16)","decl":{"start":{"line":181,"column":14},"end":{"line":181,"column":15}},"loc":{"start":{"line":181,"column":24},"end":{"line":183,"column":9}},"line":181},"17":{"name":"(anonymous_17)","decl":{"start":{"line":183,"column":17},"end":{"line":183,"column":18}},"loc":{"start":{"line":183,"column":24},"end":{"line":185,"column":9}},"line":183}},"branchMap":{"0":{"loc":{"start":{"line":16,"column":8},"end":{"line":18,"column":9}},"type":"if","locations":[{"start":{"line":16,"column":8},"end":{"line":18,"column":9}},{"start":{},"end":{}}],"line":16},"1":{"loc":{"start":{"line":16,"column":12},"end":{"line":16,"column":70}},"type":"binary-expr","locations":[{"start":{"line":16,"column":12},"end":{"line":16,"column":21}},{"start":{"line":16,"column":25},"end":{"line":16,"column":37}},{"start":{"line":16,"column":41},"end":{"line":16,"column":52}},{"start":{"line":16,"column":56},"end":{"line":16,"column":70}}],"line":16},"2":{"loc":{"start":{"line":21,"column":7},"end":{"line":22,"column":171}},"type":"if","locations":[{"start":{"line":21,"column":7},"end":{"line":22,"column":171}},{"start":{},"end":{}}],"line":21},"3":{"loc":{"start":{"line":21,"column":11},"end":{"line":21,"column":58}},"type":"binary-expr","locations":[{"start":{"line":21,"column":11},"end":{"line":21,"column":31}},{"start":{"line":21,"column":35},"end":{"line":21,"column":58}}],"line":21},"4":{"loc":{"start":{"line":24,"column":8},"end":{"line":25,"column":75}},"type":"if","locations":[{"start":{"line":24,"column":8},"end":{"line":25,"column":75}},{"start":{},"end":{}}],"line":24},"5":{"loc":{"start":{"line":27,"column":8},"end":{"line":29,"column":9}},"type":"if","locations":[{"start":{"line":27,"column":8},"end":{"line":29,"column":9}},{"start":{},"end":{}}],"line":27},"6":{"loc":{"start":{"line":35,"column":12},"end":{"line":57,"column":105}},"type":"if","locations":[{"start":{"line":35,"column":12},"end":{"line":57,"column":105}},{"start":{"line":56,"column":22},"end":{"line":57,"column":105}}],"line":35},"7":{"loc":{"start":{"line":39,"column":20},"end":{"line":41,"column":17}},"type":"if","locations":[{"start":{"line":39,"column":20},"end":{"line":41,"column":17}},{"start":{},"end":{}}],"line":39},"8":{"loc":{"start":{"line":51,"column":16},"end":{"line":55,"column":77}},"type":"if","locations":[{"start":{"line":51,"column":16},"end":{"line":55,"column":77}},{"start":{"line":54,"column":22},"end":{"line":55,"column":77}}],"line":51},"9":{"loc":{"start":{"line":66,"column":8},"end":{"line":68,"column":9}},"type":"if","locations":[{"start":{"line":66,"column":8},"end":{"line":68,"column":9}},{"start":{},"end":{}}],"line":66},"10":{"loc":{"start":{"line":66,"column":12},"end":{"line":66,"column":41}},"type":"binary-expr","locations":[{"start":{"line":66,"column":12},"end":{"line":66,"column":23}},{"start":{"line":66,"column":27},"end":{"line":66,"column":41}}],"line":66},"11":{"loc":{"start":{"line":69,"column":8},"end":{"line":71,"column":9}},"type":"if","locations":[{"start":{"line":69,"column":8},"end":{"line":71,"column":9}},{"start":{},"end":{}}],"line":69},"12":{"loc":{"start":{"line":72,"column":8},"end":{"line":74,"column":9}},"type":"if","locations":[{"start":{"line":72,"column":8},"end":{"line":74,"column":9}},{"start":{},"end":{}}],"line":72},"13":{"loc":{"start":{"line":77,"column":8},"end":{"line":93,"column":9}},"type":"if","locations":[{"start":{"line":77,"column":8},"end":{"line":93,"column":9}},{"start":{"line":91,"column":15},"end":{"line":93,"column":9}}],"line":77},"14":{"loc":{"start":{"line":81,"column":12},"end":{"line":90,"column":13}},"type":"if","locations":[{"start":{"line":81,"column":12},"end":{"line":90,"column":13}},{"start":{"line":88,"column":19},"end":{"line":90,"column":13}}],"line":81},"15":{"loc":{"start":{"line":102,"column":8},"end":{"line":104,"column":9}},"type":"if","locations":[{"start":{"line":102,"column":8},"end":{"line":104,"column":9}},{"start":{},"end":{}}],"line":102},"16":{"loc":{"start":{"line":102,"column":12},"end":{"line":102,"column":53}},"type":"binary-expr","locations":[{"start":{"line":102,"column":12},"end":{"line":102,"column":20}},{"start":{"line":102,"column":24},"end":{"line":102,"column":53}}],"line":102},"17":{"loc":{"start":{"line":108,"column":8},"end":{"line":110,"column":9}},"type":"if","locations":[{"start":{"line":108,"column":8},"end":{"line":110,"column":9}},{"start":{},"end":{}}],"line":108},"18":{"loc":{"start":{"line":108,"column":13},"end":{"line":108,"column":44}},"type":"binary-expr","locations":[{"start":{"line":108,"column":13},"end":{"line":108,"column":27}},{"start":{"line":108,"column":31},"end":{"line":108,"column":44}}],"line":108},"19":{"loc":{"start":{"line":113,"column":8},"end":{"line":137,"column":9}},"type":"if","locations":[{"start":{"line":113,"column":8},"end":{"line":137,"column":9}},{"start":{"line":126,"column":15},"end":{"line":137,"column":9}}],"line":113},"20":{"loc":{"start":{"line":116,"column":25},"end":{"line":116,"column":45}},"type":"cond-expr","locations":[{"start":{"line":116,"column":31},"end":{"line":116,"column":34}},{"start":{"line":116,"column":37},"end":{"line":116,"column":45}}],"line":116},"21":{"loc":{"start":{"line":117,"column":28},"end":{"line":117,"column":57}},"type":"cond-expr","locations":[{"start":{"line":117,"column":37},"end":{"line":117,"column":43}},{"start":{"line":117,"column":46},"end":{"line":117,"column":57}}],"line":117},"22":{"loc":{"start":{"line":118,"column":27},"end":{"line":118,"column":53}},"type":"cond-expr","locations":[{"start":{"line":118,"column":35},"end":{"line":118,"column":40}},{"start":{"line":118,"column":43},"end":{"line":118,"column":53}}],"line":118},"23":{"loc":{"start":{"line":129,"column":21},"end":{"line":129,"column":41}},"type":"cond-expr","locations":[{"start":{"line":129,"column":27},"end":{"line":129,"column":30}},{"start":{"line":129,"column":33},"end":{"line":129,"column":41}}],"line":129},"24":{"loc":{"start":{"line":130,"column":24},"end":{"line":130,"column":53}},"type":"cond-expr","locations":[{"start":{"line":130,"column":33},"end":{"line":130,"column":39}},{"start":{"line":130,"column":42},"end":{"line":130,"column":53}}],"line":130},"25":{"loc":{"start":{"line":131,"column":23},"end":{"line":131,"column":49}},"type":"cond-expr","locations":[{"start":{"line":131,"column":31},"end":{"line":131,"column":36}},{"start":{"line":131,"column":39},"end":{"line":131,"column":49}}],"line":131},"26":{"loc":{"start":{"line":144,"column":8},"end":{"line":146,"column":9}},"type":"if","locations":[{"start":{"line":144,"column":8},"end":{"line":146,"column":9}},{"start":{},"end":{}}],"line":144},"27":{"loc":{"start":{"line":144,"column":13},"end":{"line":144,"column":44}},"type":"binary-expr","locations":[{"start":{"line":144,"column":13},"end":{"line":144,"column":27}},{"start":{"line":144,"column":31},"end":{"line":144,"column":44}}],"line":144},"28":{"loc":{"start":{"line":147,"column":8},"end":{"line":155,"column":9}},"type":"if","locations":[{"start":{"line":147,"column":8},"end":{"line":155,"column":9}},{"start":{},"end":{}}],"line":147},"29":{"loc":{"start":{"line":159,"column":8},"end":{"line":161,"column":9}},"type":"if","locations":[{"start":{"line":159,"column":8},"end":{"line":161,"column":9}},{"start":{},"end":{}}],"line":159},"30":{"loc":{"start":{"line":176,"column":8},"end":{"line":178,"column":9}},"type":"if","locations":[{"start":{"line":176,"column":8},"end":{"line":178,"column":9}},{"start":{},"end":{}}],"line":176},"31":{"loc":{"start":{"line":176,"column":11},"end":{"line":176,"column":41}},"type":"binary-expr","locations":[{"start":{"line":176,"column":11},"end":{"line":176,"column":25}},{"start":{"line":176,"column":29},"end":{"line":176,"column":41}}],"line":176}},"s":{"0":3,"1":3,"2":3,"3":3,"4":3,"5":3,"6":3,"7":3,"8":3,"9":8,"10":8,"11":1,"12":7,"13":7,"14":1,"15":6,"16":1,"17":5,"18":1,"19":4,"20":4,"21":4,"22":2,"23":2,"24":0,"25":2,"26":2,"27":2,"28":0,"29":2,"30":0,"31":8,"32":8,"33":1,"34":7,"35":2,"36":5,"37":1,"38":4,"39":4,"40":3,"41":3,"42":2,"43":2,"44":2,"45":1,"46":1,"47":3,"48":3,"49":3,"50":1,"51":2,"52":2,"53":0,"54":2,"55":1,"56":1,"57":1,"58":0,"59":1,"60":1,"61":0,"62":1,"63":1,"64":1,"65":0,"66":1,"67":1,"68":1,"69":0,"70":2,"71":0,"72":2,"73":2,"74":0,"75":2,"76":2,"77":2,"78":1,"79":1,"80":1,"81":0},"f":{"0":8,"1":2,"2":8,"3":3,"4":1,"5":1,"6":0,"7":1,"8":0,"9":1,"10":1,"11":0,"12":2,"13":2,"14":0,"15":2,"16":1,"17":0},"b":{"0":[1,7],"1":[8,7,7,7],"2":[1,6],"3":[7,6],"4":[1,5],"5":[1,4],"6":[2,2],"7":[0,2],"8":[2,0],"9":[1,7],"10":[8,7],"11":[2,5],"12":[1,4],"13":[3,1],"14":[2,1],"15":[1,2],"16":[3,2],"17":[0,2],"18":[2,2],"19":[1,1],"20":[1,0],"21":[1,0],"22":[1,0],"23":[1,0],"24":[1,0],"25":[1,0],"26":[0,1],"27":[1,1],"28":[1,0],"29":[0,2],"30":[1,1],"31":[2,2]},"_coverageSchema":"1a1c01bbd47fc00a2c39e90264f33305004495a9","hash":"61a05400ae02aab7d958c9e94398672c5b7689b6"}
,"C:\\Users\\miria\\OneDrive\\Bureau\\watch\\backend\\middleware\\jwtUtils.js": {"path":"C:\\Users\\miria\\OneDrive\\Bureau\\watch\\backend\\middleware\\jwtUtils.js","statementMap":{"0":{"start":{"line":1,"column":12},"end":{"line":1,"column":35}},"1":{"start":{"line":2,"column":0},"end":{"line":2,"column":52}},"2":{"start":{"line":4,"column":0},"end":{"line":50,"column":2}},"3":{"start":{"line":6,"column":4},"end":{"line":6,"column":79}},"4":{"start":{"line":9,"column":18},"end":{"line":9,"column":53}},"5":{"start":{"line":12,"column":4},"end":{"line":14,"column":5}},"6":{"start":{"line":13,"column":6},"end":{"line":13,"column":16}},"7":{"start":{"line":16,"column":4},"end":{"line":32,"column":5}},"8":{"start":{"line":17,"column":6},"end":{"line":29,"column":7}},"9":{"start":{"line":18,"column":25},"end":{"line":18,"column":62}},"10":{"start":{"line":19,"column":8},"end":{"line":25,"column":9}},"11":{"start":{"line":20,"column":25},"end":{"line":20,"column":36}},"12":{"start":{"line":21,"column":10},"end":{"line":21,"column":24}},"13":{"start":{"line":23,"column":10},"end":{"line":23,"column":27}},"14":{"start":{"line":24,"column":10},"end":{"line":24,"column":20}},"15":{"start":{"line":27,"column":8},"end":{"line":27,"column":25}},"16":{"start":{"line":28,"column":8},"end":{"line":28,"column":18}},"17":{"start":{"line":31,"column":6},"end":{"line":31,"column":16}},"18":{"start":{"line":35,"column":18},"end":{"line":35,"column":53}},"19":{"start":{"line":37,"column":4},"end":{"line":39,"column":5}},"20":{"start":{"line":38,"column":6},"end":{"line":38,"column":19}},"21":{"start":{"line":41,"column":4},"end":{"line":48,"column":5}},"22":{"start":{"line":42,"column":23},"end":{"line":42,"column":60}},"23":{"start":{"line":44,"column":6},"end":{"line":44,"column":40}},"24":{"start":{"line":46,"column":6},"end":{"line":46,"column":25}},"25":{"start":{"line":47,"column":6},"end":{"line":47,"column":19}}},"fnMap":{"0":{"name":"(anonymous_0)","decl":{"start":{"line":5,"column":9},"end":{"line":5,"column":10}},"loc":{"start":{"line":5,"column":28},"end":{"line":7,"column":3}},"line":5},"1":{"name":"(anonymous_1)","decl":{"start":{"line":8,"column":11},"end":{"line":8,"column":12}},"loc":{"start":{"line":8,"column":30},"end":{"line":33,"column":3}},"line":8},"2":{"name":"(anonymous_2)","decl":{"start":{"line":34,"column":13},"end":{"line":34,"column":14}},"loc":{"start":{"line":34,"column":32},"end":{"line":49,"column":3}},"line":34}},"branchMap":{"0":{"loc":{"start":{"line":6,"column":11},"end":{"line":6,"column":78}},"type":"cond-expr","locations":[{"start":{"line":6,"column":35},"end":{"line":6,"column":71}},{"start":{"line":6,"column":74},"end":{"line":6,"column":78}}],"line":6},"1":{"loc":{"start":{"line":12,"column":4},"end":{"line":14,"column":5}},"type":"if","locations":[{"start":{"line":12,"column":4},"end":{"line":14,"column":5}},{"start":{},"end":{}}],"line":12},"2":{"loc":{"start":{"line":12,"column":8},"end":{"line":12,"column":42}},"type":"binary-expr","locations":[{"start":{"line":12,"column":8},"end":{"line":12,"column":22}},{"start":{"line":12,"column":26},"end":{"line":12,"column":42}}],"line":12},"3":{"loc":{"start":{"line":16,"column":4},"end":{"line":32,"column":5}},"type":"if","locations":[{"start":{"line":16,"column":4},"end":{"line":32,"column":5}},{"start":{"line":30,"column":11},"end":{"line":32,"column":5}}],"line":16},"4":{"loc":{"start":{"line":16,"column":8},"end":{"line":16,"column":40}},"type":"binary-expr","locations":[{"start":{"line":16,"column":8},"end":{"line":16,"column":21}},{"start":{"line":16,"column":25},"end":{"line":16,"column":40}}],"line":16},"5":{"loc":{"start":{"line":19,"column":8},"end":{"line":25,"column":9}},"type":"if","locations":[{"start":{"line":19,"column":8},"end":{"line":25,"column":9}},{"start":{"line":22,"column":15},"end":{"line":25,"column":9}}],"line":19},"6":{"loc":{"start":{"line":19,"column":12},"end":{"line":19,"column":39}},"type":"binary-expr","locations":[{"start":{"line":19,"column":12},"end":{"line":19,"column":20}},{"start":{"line":19,"column":24},"end":{"line":19,"column":39}}],"line":19},"7":{"loc":{"start":{"line":37,"column":4},"end":{"line":39,"column":5}},"type":"if","locations":[{"start":{"line":37,"column":4},"end":{"line":39,"column":5}},{"start":{},"end":{}}],"line":37},"8":{"loc":{"start":{"line":37,"column":8},"end":{"line":37,"column":34}},"type":"binary-expr","locations":[{"start":{"line":37,"column":8},"end":{"line":37,"column":14}},{"start":{"line":37,"column":18},"end":{"line":37,"column":34}}],"line":37},"9":{"loc":{"start":{"line":44,"column":13},"end":{"line":44,"column":39}},"type":"binary-expr","locations":[{"start":{"line":44,"column":13},"end":{"line":44,"column":30}},{"start":{"line":44,"column":34},"end":{"line":44,"column":39}}],"line":44}},"s":{"0":3,"1":3,"2":3,"3":14,"4":5,"5":5,"6":2,"7":3,"8":3,"9":3,"10":2,"11":1,"12":1,"13":1,"14":0,"15":2,"16":2,"17":0,"18":6,"19":6,"20":2,"21":4,"22":4,"23":3,"24":1,"25":1},"f":{"0":14,"1":5,"2":6},"b":{"0":[10,4],"1":[2,3],"2":[5,4],"3":[3,0],"4":[3,0],"5":[1,1],"6":[2,2],"7":[2,4],"8":[6,5],"9":[3,2]},"_coverageSchema":"1a1c01bbd47fc00a2c39e90264f33305004495a9","hash":"3b98c2abde621659dd8a27e7a48596d229492461"}
,"C:\\Users\\miria\\OneDrive\\Bureau\\watch\\backend\\middleware\\multer.js": {"path":"C:\\Users\\miria\\OneDrive\\Bureau\\watch\\backend\\middleware\\multer.js","statementMap":{"0":{"start":{"line":1,"column":15},"end":{"line":1,"column":32}},"1":{"start":{"line":3,"column":22},"end":{"line":5,"column":1}},"2":{"start":{"line":4,"column":2},"end":{"line":4,"column":37}},"3":{"start":{"line":7,"column":19},"end":{"line":9,"column":1}},"4":{"start":{"line":8,"column":2},"end":{"line":8,"column":66}},"5":{"start":{"line":11,"column":21},"end":{"line":14,"column":2}},"6":{"start":{"line":16,"column":20},"end":{"line":27,"column":2}},"7":{"start":{"line":22,"column":4},"end":{"line":24,"column":5}},"8":{"start":{"line":23,"column":6},"end":{"line":23,"column":76}},"9":{"start":{"line":25,"column":4},"end":{"line":25,"column":24}},"10":{"start":{"line":29,"column":0},"end":{"line":33,"column":2}}},"fnMap":{"0":{"name":"(anonymous_0)","decl":{"start":{"line":3,"column":22},"end":{"line":3,"column":23}},"loc":{"start":{"line":3,"column":41},"end":{"line":5,"column":1}},"line":3},"1":{"name":"(anonymous_1)","decl":{"start":{"line":7,"column":19},"end":{"line":7,"column":20}},"loc":{"start":{"line":7,"column":38},"end":{"line":9,"column":1}},"line":7},"2":{"name":"(anonymous_2)","decl":{"start":{"line":21,"column":2},"end":{"line":21,"column":3}},"loc":{"start":{"line":21,"column":28},"end":{"line":26,"column":3}},"line":21}},"branchMap":{"0":{"loc":{"start":{"line":22,"column":4},"end":{"line":24,"column":5}},"type":"if","locations":[{"start":{"line":22,"column":4},"end":{"line":24,"column":5}},{"start":{},"end":{}}],"line":22}},"s":{"0":3,"1":3,"2":1,"3":3,"4":1,"5":3,"6":3,"7":4,"8":1,"9":3,"10":3},"f":{"0":1,"1":1,"2":4},"b":{"0":[1,3]},"_coverageSchema":"1a1c01bbd47fc00a2c39e90264f33305004495a9","hash":"d344378235303b35f853a840b338b839ee5c1aa4"}
,"C:\\Users\\miria\\OneDrive\\Bureau\\watch\\backend\\models\\index.js": {"path":"C:\\Users\\miria\\OneDrive\\Bureau\\watch\\backend\\models\\index.js","statementMap":{"0":{"start":{"line":3,"column":11},"end":{"line":3,"column":24}},"1":{"start":{"line":4,"column":13},"end":{"line":4,"column":28}},"2":{"start":{"line":5,"column":18},"end":{"line":5,"column":38}},"3":{"start":{"line":6,"column":16},"end":{"line":6,"column":34}},"4":{"start":{"line":7,"column":17},"end":{"line":7,"column":42}},"5":{"start":{"line":8,"column":12},"end":{"line":8,"column":49}},"6":{"start":{"line":9,"column":15},"end":{"line":9,"column":65}},"7":{"start":{"line":10,"column":11},"end":{"line":10,"column":13}},"8":{"start":{"line":13,"column":0},"end":{"line":17,"column":1}},"9":{"start":{"line":14,"column":2},"end":{"line":14,"column":74}},"10":{"start":{"line":16,"column":2},"end":{"line":16,"column":87}},"11":{"start":{"line":19,"column":0},"end":{"line":32,"column":5}},"12":{"start":{"line":22,"column":4},"end":{"line":27,"column":6}},"13":{"start":{"line":30,"column":18},"end":{"line":30,"column":85}},"14":{"start":{"line":31,"column":4},"end":{"line":31,"column":27}},"15":{"start":{"line":34,"column":0},"end":{"line":38,"column":3}},"16":{"start":{"line":35,"column":2},"end":{"line":37,"column":3}},"17":{"start":{"line":36,"column":4},"end":{"line":36,"column":32}},"18":{"start":{"line":40,"column":0},"end":{"line":40,"column":25}},"19":{"start":{"line":41,"column":0},"end":{"line":41,"column":25}},"20":{"start":{"line":43,"column":0},"end":{"line":43,"column":20}}},"fnMap":{"0":{"name":"(anonymous_0)","decl":{"start":{"line":21,"column":10},"end":{"line":21,"column":11}},"loc":{"start":{"line":21,"column":18},"end":{"line":28,"column":3}},"line":21},"1":{"name":"(anonymous_1)","decl":{"start":{"line":29,"column":11},"end":{"line":29,"column":12}},"loc":{"start":{"line":29,"column":19},"end":{"line":32,"column":3}},"line":29},"2":{"name":"(anonymous_2)","decl":{"start":{"line":34,"column":24},"end":{"line":34,"column":25}},"loc":{"start":{"line":34,"column":37},"end":{"line":38,"column":1}},"line":34}},"branchMap":{"0":{"loc":{"start":{"line":8,"column":12},"end":{"line":8,"column":49}},"type":"binary-expr","locations":[{"start":{"line":8,"column":12},"end":{"line":8,"column":32}},{"start":{"line":8,"column":36},"end":{"line":8,"column":49}}],"line":8},"1":{"loc":{"start":{"line":13,"column":0},"end":{"line":17,"column":1}},"type":"if","locations":[{"start":{"line":13,"column":0},"end":{"line":17,"column":1}},{"start":{"line":15,"column":7},"end":{"line":17,"column":1}}],"line":13},"2":{"loc":{"start":{"line":23,"column":6},"end":{"line":26,"column":37}},"type":"binary-expr","locations":[{"start":{"line":23,"column":6},"end":{"line":23,"column":29}},{"start":{"line":24,"column":6},"end":{"line":24,"column":23}},{"start":{"line":25,"column":6},"end":{"line":25,"column":30}},{"start":{"line":26,"column":6},"end":{"line":26,"column":37}}],"line":23},"3":{"loc":{"start":{"line":35,"column":2},"end":{"line":37,"column":3}},"type":"if","locations":[{"start":{"line":35,"column":2},"end":{"line":37,"column":3}},{"start":{},"end":{}}],"line":35}},"s":{"0":2,"1":2,"2":2,"3":2,"4":2,"5":2,"6":2,"7":2,"8":2,"9":0,"10":2,"11":2,"12":10,"13":8,"14":8,"15":2,"16":8,"17":8,"18":2,"19":2,"20":2},"f":{"0":10,"1":8,"2":8},"b":{"0":[2,0],"1":[0,2],"2":[10,10,8,8],"3":[8,0]},"_coverageSchema":"1a1c01bbd47fc00a2c39e90264f33305004495a9","hash":"7ac6263cd0dab2bb26197e7ebe602ffb46cf1849"}
,"C:\\Users\\miria\\OneDrive\\Bureau\\watch\\backend\\models\\orderitems.js": {"path":"C:\\Users\\miria\\OneDrive\\Bureau\\watch\\backend\\models\\orderitems.js","statementMap":{"0":{"start":{"line":4,"column":4},"end":{"line":4,"column":24}},"1":{"start":{"line":5,"column":0},"end":{"line":28,"column":2}},"2":{"start":{"line":14,"column":6},"end":{"line":14,"column":76}},"3":{"start":{"line":15,"column":6},"end":{"line":15,"column":80}},"4":{"start":{"line":19,"column":2},"end":{"line":26,"column":5}},"5":{"start":{"line":27,"column":2},"end":{"line":27,"column":20}}},"fnMap":{"0":{"name":"(anonymous_0)","decl":{"start":{"line":5,"column":17},"end":{"line":5,"column":18}},"loc":{"start":{"line":5,"column":43},"end":{"line":28,"column":1}},"line":5},"1":{"name":"(anonymous_1)","decl":{"start":{"line":12,"column":4},"end":{"line":12,"column":5}},"loc":{"start":{"line":12,"column":29},"end":{"line":17,"column":5}},"line":12}},"branchMap":{},"s":{"0":2,"1":2,"2":2,"3":2,"4":2,"5":2},"f":{"0":2,"1":2},"b":{},"_coverageSchema":"1a1c01bbd47fc00a2c39e90264f33305004495a9","hash":"e2a1d0afabebb253bc24c743b396f941dc035d93"}
,"C:\\Users\\miria\\OneDrive\\Bureau\\watch\\backend\\models\\orders.js": {"path":"C:\\Users\\miria\\OneDrive\\Bureau\\watch\\backend\\models\\orders.js","statementMap":{"0":{"start":{"line":4,"column":4},"end":{"line":4,"column":24}},"1":{"start":{"line":5,"column":0},"end":{"line":28,"column":2}},"2":{"start":{"line":14,"column":6},"end":{"line":14,"column":74}},"3":{"start":{"line":15,"column":6},"end":{"line":15,"column":70}},"4":{"start":{"line":19,"column":2},"end":{"line":26,"column":5}},"5":{"start":{"line":27,"column":2},"end":{"line":27,"column":16}}},"fnMap":{"0":{"name":"(anonymous_0)","decl":{"start":{"line":5,"column":17},"end":{"line":5,"column":18}},"loc":{"start":{"line":5,"column":43},"end":{"line":28,"column":1}},"line":5},"1":{"name":"(anonymous_1)","decl":{"start":{"line":12,"column":4},"end":{"line":12,"column":5}},"loc":{"start":{"line":12,"column":29},"end":{"line":17,"column":5}},"line":12}},"branchMap":{},"s":{"0":2,"1":2,"2":2,"3":2,"4":2,"5":2},"f":{"0":2,"1":2},"b":{},"_coverageSchema":"1a1c01bbd47fc00a2c39e90264f33305004495a9","hash":"0582af6811afcd42be7f72d2e7a7dbbfe42b290a"}
,"C:\\Users\\miria\\OneDrive\\Bureau\\watch\\backend\\models\\products.js": {"path":"C:\\Users\\miria\\OneDrive\\Bureau\\watch\\backend\\models\\products.js","statementMap":{"0":{"start":{"line":4,"column":4},"end":{"line":4,"column":24}},"1":{"start":{"line":5,"column":0},"end":{"line":29,"column":2}},"2":{"start":{"line":14,"column":6},"end":{"line":14,"column":78}},"3":{"start":{"line":17,"column":2},"end":{"line":27,"column":5}},"4":{"start":{"line":28,"column":2},"end":{"line":28,"column":18}}},"fnMap":{"0":{"name":"(anonymous_0)","decl":{"start":{"line":5,"column":17},"end":{"line":5,"column":18}},"loc":{"start":{"line":5,"column":43},"end":{"line":29,"column":1}},"line":5},"1":{"name":"(anonymous_1)","decl":{"start":{"line":12,"column":4},"end":{"line":12,"column":5}},"loc":{"start":{"line":12,"column":29},"end":{"line":15,"column":5}},"line":12}},"branchMap":{},"s":{"0":2,"1":2,"2":2,"3":2,"4":2},"f":{"0":2,"1":2},"b":{},"_coverageSchema":"1a1c01bbd47fc00a2c39e90264f33305004495a9","hash":"ccaa3da9b61fa4cad3bb8c8b111e9a0c637f36fe"}
,"C:\\Users\\miria\\OneDrive\\Bureau\\watch\\backend\\models\\users.js": {"path":"C:\\Users\\miria\\OneDrive\\Bureau\\watch\\backend\\models\\users.js","statementMap":{"0":{"start":{"line":4,"column":4},"end":{"line":4,"column":24}},"1":{"start":{"line":5,"column":0},"end":{"line":28,"column":2}},"2":{"start":{"line":14,"column":6},"end":{"line":14,"column":87}},"3":{"start":{"line":17,"column":2},"end":{"line":26,"column":5}},"4":{"start":{"line":27,"column":2},"end":{"line":27,"column":15}}},"fnMap":{"0":{"name":"(anonymous_0)","decl":{"start":{"line":5,"column":17},"end":{"line":5,"column":18}},"loc":{"start":{"line":5,"column":43},"end":{"line":28,"column":1}},"line":5},"1":{"name":"(anonymous_1)","decl":{"start":{"line":12,"column":4},"end":{"line":12,"column":5}},"loc":{"start":{"line":12,"column":29},"end":{"line":15,"column":5}},"line":12}},"branchMap":{},"s":{"0":2,"1":2,"2":2,"3":2,"4":2},"f":{"0":2,"1":2},"b":{},"_coverageSchema":"1a1c01bbd47fc00a2c39e90264f33305004495a9","hash":"eb1dd2516c247e4ecc645185ef9958d1df7d8e36"}
,"C:\\Users\\miria\\OneDrive\\Bureau\\watch\\backend\\routes\\ordersItems.js": {"path":"C:\\Users\\miria\\OneDrive\\Bureau\\watch\\backend\\routes\\ordersItems.js","statementMap":{"0":{"start":{"line":1,"column":16},"end":{"line":1,"column":34}},"1":{"start":{"line":2,"column":15},"end":{"line":2,"column":31}},"2":{"start":{"line":3,"column":24},"end":{"line":3,"column":65}},"3":{"start":{"line":5,"column":0},"end":{"line":5,"column":64}},"4":{"start":{"line":6,"column":0},"end":{"line":6,"column":62}},"5":{"start":{"line":8,"column":0},"end":{"line":8,"column":24}}},"fnMap":{},"branchMap":{},"s":{"0":2,"1":2,"2":2,"3":2,"4":2,"5":2},"f":{},"b":{},"_coverageSchema":"1a1c01bbd47fc00a2c39e90264f33305004495a9","hash":"92d16934671dbbfed235f2e9d80b4b61a6c53ab9"}
,"C:\\Users\\miria\\OneDrive\\Bureau\\watch\\backend\\routes\\ordersRoutes.js": {"path":"C:\\Users\\miria\\OneDrive\\Bureau\\watch\\backend\\routes\\ordersRoutes.js","statementMap":{"0":{"start":{"line":1,"column":16},"end":{"line":1,"column":34}},"1":{"start":{"line":2,"column":15},"end":{"line":2,"column":31}},"2":{"start":{"line":3,"column":19},"end":{"line":3,"column":55}},"3":{"start":{"line":5,"column":0},"end":{"line":5,"column":42}},"4":{"start":{"line":6,"column":0},"end":{"line":6,"column":44}},"5":{"start":{"line":7,"column":0},"end":{"line":7,"column":41}},"6":{"start":{"line":8,"column":0},"end":{"line":8,"column":42}},"7":{"start":{"line":9,"column":0},"end":{"line":9,"column":46}},"8":{"start":{"line":10,"column":0},"end":{"line":10,"column":57}},"9":{"start":{"line":12,"column":0},"end":{"line":12,"column":24}}},"fnMap":{},"branchMap":{},"s":{"0":2,"1":2,"2":2,"3":2,"4":2,"5":2,"6":2,"7":2,"8":2,"9":2},"f":{},"b":{},"_coverageSchema":"1a1c01bbd47fc00a2c39e90264f33305004495a9","hash":"533b50c2543294fe923766af7e7ee2c6c1c85060"}
,"C:\\Users\\miria\\OneDrive\\Bureau\\watch\\backend\\routes\\productsRoutes.js": {"path":"C:\\Users\\miria\\OneDrive\\Bureau\\watch\\backend\\routes\\productsRoutes.js","statementMap":{"0":{"start":{"line":2,"column":16},"end":{"line":2,"column":34}},"1":{"start":{"line":3,"column":15},"end":{"line":3,"column":31}},"2":{"start":{"line":4,"column":21},"end":{"line":4,"column":59}},"3":{"start":{"line":5,"column":24},"end":{"line":5,"column":55}},"4":{"start":{"line":7,"column":0},"end":{"line":7,"column":73}},"5":{"start":{"line":8,"column":0},"end":{"line":8,"column":69}},"6":{"start":{"line":9,"column":0},"end":{"line":9,"column":43}},"7":{"start":{"line":10,"column":0},"end":{"line":10,"column":52}},"8":{"start":{"line":11,"column":0},"end":{"line":11,"column":55}},"9":{"start":{"line":13,"column":0},"end":{"line":13,"column":24}}},"fnMap":{},"branchMap":{},"s":{"0":2,"1":2,"2":2,"3":2,"4":2,"5":2,"6":2,"7":2,"8":2,"9":2},"f":{},"b":{},"_coverageSchema":"1a1c01bbd47fc00a2c39e90264f33305004495a9","hash":"4a1981ceb49a7f8ce030ca61bae31a79199a0947"}
,"C:\\Users\\miria\\OneDrive\\Bureau\\watch\\backend\\routes\\usersRoutes.js": {"path":"C:\\Users\\miria\\OneDrive\\Bureau\\watch\\backend\\routes\\usersRoutes.js","statementMap":{"0":{"start":{"line":1,"column":16},"end":{"line":1,"column":34}},"1":{"start":{"line":2,"column":15},"end":{"line":2,"column":31}},"2":{"start":{"line":3,"column":17},"end":{"line":3,"column":52}},"3":{"start":{"line":5,"column":0},"end":{"line":5,"column":44}},"4":{"start":{"line":6,"column":0},"end":{"line":6,"column":36}},"5":{"start":{"line":7,"column":0},"end":{"line":7,"column":40}},"6":{"start":{"line":8,"column":0},"end":{"line":8,"column":42}},"7":{"start":{"line":9,"column":0},"end":{"line":9,"column":44}},"8":{"start":{"line":10,"column":0},"end":{"line":10,"column":42}},"9":{"start":{"line":12,"column":0},"end":{"line":12,"column":24}}},"fnMap":{},"branchMap":{},"s":{"0":2,"1":2,"2":2,"3":2,"4":2,"5":2,"6":2,"7":2,"8":2,"9":2},"f":{},"b":{},"_coverageSchema":"1a1c01bbd47fc00a2c39e90264f33305004495a9","hash":"79d9f05161c03a0d366977fa2e86772e333510c3"}
}
