TN:
SF:server.js
FN:38,(anonymous_0)
FN:40,(anonymous_1)
FN:41,(anonymous_2)
FN:42,(anonymous_3)
FN:42,(anonymous_4)
FN:43,(anonymous_5)
FN:50,(anonymous_6)
FN:84,(anonymous_7)
FN:86,(anonymous_8)
FN:87,(anonymous_9)
FN:87,(anonymous_10)
FN:88,(anonymous_11)
FN:95,(anonymous_12)
FN:97,(anonymous_13)
FN:98,(anonymous_14)
FN:99,(anonymous_15)
FN:99,(anonymous_16)
FN:100,(anonymous_17)
FN:107,(anonymous_18)
FN:109,(anonymous_19)
FN:110,(anonymous_20)
FN:111,(anonymous_21)
FN:111,(anonymous_22)
FN:112,(anonymous_23)
FN:117,(anonymous_24)
FNF:25
FNH:4
FNDA:1,(anonymous_0)
FNDA:0,(anonymous_1)
FNDA:1,(anonymous_2)
FNDA:0,(anonymous_3)
FNDA:0,(anonymous_4)
FNDA:0,(anonymous_5)
FNDA:1,(anonymous_6)
FNDA:1,(anonymous_7)
FNDA:0,(anonymous_8)
FNDA:0,(anonymous_9)
FNDA:0,(anonymous_10)
FNDA:0,(anonymous_11)
FNDA:0,(anonymous_12)
FNDA:0,(anonymous_13)
FNDA:0,(anonymous_14)
FNDA:0,(anonymous_15)
FNDA:0,(anonymous_16)
FNDA:0,(anonymous_17)
FNDA:0,(anonymous_18)
FNDA:0,(anonymous_19)
FNDA:0,(anonymous_20)
FNDA:0,(anonymous_21)
FNDA:0,(anonymous_22)
FNDA:0,(anonymous_23)
FNDA:0,(anonymous_24)
DA:2,2
DA:3,2
DA:5,2
DA:6,2
DA:9,2
DA:10,2
DA:11,2
DA:12,2
DA:14,2
DA:15,2
DA:18,2
DA:19,2
DA:21,2
DA:22,2
DA:24,2
DA:26,2
DA:29,2
DA:30,2
DA:31,2
DA:32,2
DA:36,2
DA:39,1
DA:40,0
DA:41,1
DA:42,0
DA:43,0
DA:48,2
DA:50,2
DA:52,1
DA:54,1
DA:55,0
DA:58,1
DA:60,1
DA:63,1
DA:72,1
DA:75,0
DA:76,0
DA:82,2
DA:85,1
DA:86,0
DA:87,0
DA:88,0
DA:93,2
DA:96,0
DA:97,0
DA:98,0
DA:99,0
DA:100,0
DA:105,2
DA:108,0
DA:109,0
DA:110,0
DA:111,0
DA:112,0
DA:116,2
DA:117,0
DA:118,0
DA:122,2
LF:58
LH:37
BRDA:54,0,0,0
BRDA:54,0,1,1
BRDA:60,1,0,0
BRDA:60,1,1,1
BRDA:116,2,0,0
BRDA:116,2,1,2
BRF:6
BRH:3
end_of_record
TN:
SF:controllers\ordersCtrl.js
FN:6,(anonymous_0)
FN:18,(anonymous_1)
FN:53,(anonymous_2)
FN:76,(anonymous_3)
FN:100,(anonymous_4)
FN:132,(anonymous_5)
FN:176,(anonymous_6)
FNF:7
FNH:5
FNDA:1,(anonymous_0)
FNDA:2,(anonymous_1)
FNDA:0,(anonymous_2)
FNDA:0,(anonymous_3)
FNDA:1,(anonymous_4)
FNDA:2,(anonymous_5)
FNDA:1,(anonymous_6)
DA:1,3
DA:2,3
DA:4,3
DA:8,1
DA:9,1
DA:12,1
DA:14,1
DA:15,0
DA:18,1
DA:20,2
DA:23,2
DA:24,2
DA:26,0
DA:27,0
DA:32,1
DA:39,1
DA:40,2
DA:47,1
DA:49,0
DA:50,0
DA:55,0
DA:56,0
DA:58,0
DA:60,0
DA:61,0
DA:64,0
DA:65,0
DA:66,0
DA:69,0
DA:70,0
DA:72,0
DA:73,0
DA:77,0
DA:78,0
DA:79,0
DA:81,0
DA:82,0
DA:85,0
DA:87,0
DA:88,0
DA:91,0
DA:92,0
DA:94,0
DA:96,0
DA:97,0
DA:101,1
DA:108,1
DA:126,1
DA:128,0
DA:129,0
DA:133,2
DA:134,2
DA:135,2
DA:137,2
DA:139,2
DA:140,0
DA:143,2
DA:162,2
DA:163,0
DA:166,2
DA:167,0
DA:170,2
DA:172,0
DA:173,0
DA:178,1
DA:180,1
DA:182,1
DA:201,1
DA:203,0
DA:204,0
LF:70
LH:31
BRDA:14,0,0,0
BRDA:14,0,1,1
BRDA:23,1,0,2
BRDA:23,1,1,0
BRDA:60,2,0,0
BRDA:60,2,1,0
BRDA:65,3,0,0
BRDA:65,3,1,0
BRDA:81,4,0,0
BRDA:81,4,1,0
BRDA:87,5,0,0
BRDA:87,5,1,0
BRDA:139,6,0,0
BRDA:139,6,1,2
BRDA:162,7,0,0
BRDA:162,7,1,2
BRDA:166,8,0,0
BRDA:166,8,1,2
BRDA:166,9,0,2
BRDA:166,9,1,1
BRF:20
BRH:7
end_of_record
TN:
SF:controllers\ordersItemsCtrl.js
FN:6,(anonymous_0)
FN:48,(anonymous_1)
FNF:2
FNH:0
FNDA:0,(anonymous_0)
FNDA:0,(anonymous_1)
DA:1,2
DA:2,2
DA:4,2
DA:7,0
DA:8,0
DA:9,0
DA:11,0
DA:13,0
DA:14,0
DA:17,0
DA:21,0
DA:22,0
DA:26,0
DA:27,0
DA:31,0
DA:32,0
DA:36,0
DA:37,0
DA:41,0
DA:43,0
DA:44,0
DA:49,0
DA:50,0
DA:51,0
DA:53,0
DA:55,0
DA:56,0
DA:59,0
DA:63,0
DA:64,0
DA:68,0
DA:69,0
DA:73,0
DA:77,0
DA:78,0
DA:81,0
DA:83,0
DA:84,0
LF:38
LH:3
BRDA:13,0,0,0
BRDA:13,0,1,0
BRDA:21,1,0,0
BRDA:21,1,1,0
BRDA:26,2,0,0
BRDA:26,2,1,0
BRDA:26,3,0,0
BRDA:26,3,1,0
BRDA:36,4,0,0
BRDA:36,4,1,0
BRDA:55,5,0,0
BRDA:55,5,1,0
BRDA:63,6,0,0
BRDA:63,6,1,0
BRDA:68,7,0,0
BRDA:68,7,1,0
BRDA:68,8,0,0
BRDA:68,8,1,0
BRDA:77,9,0,0
BRDA:77,9,1,0
BRF:20
BRH:0
end_of_record
TN:
SF:controllers\productsCtrl.js
FN:6,(anonymous_0)
FN:39,(anonymous_1)
FN:84,(anonymous_2)
FN:107,(anonymous_3)
FN:109,(anonymous_4)
FN:115,(anonymous_5)
FN:129,(anonymous_6)
FNF:7
FNH:6
FNDA:3,(anonymous_0)
FNDA:3,(anonymous_1)
FNDA:3,(anonymous_2)
FNDA:1,(anonymous_3)
FNDA:0,(anonymous_4)
FNDA:3,(anonymous_5)
FNDA:3,(anonymous_6)
DA:1,3
DA:2,3
DA:4,3
DA:8,3
DA:9,3
DA:10,3
DA:11,3
DA:13,3
DA:14,1
DA:17,2
DA:18,1
DA:21,1
DA:22,1
DA:23,1
DA:32,1
DA:34,0
DA:35,0
DA:41,3
DA:42,3
DA:43,3
DA:44,3
DA:45,3
DA:47,3
DA:48,1
DA:51,2
DA:52,0
DA:55,2
DA:60,2
DA:61,1
DA:64,1
DA:75,1
DA:76,1
DA:77,1
DA:79,0
DA:80,0
DA:86,3
DA:88,3
DA:89,3
DA:91,3
DA:92,1
DA:95,2
DA:100,2
DA:101,1
DA:104,1
DA:105,1
DA:108,1
DA:110,0
DA:117,3
DA:118,3
DA:122,2
DA:124,1
DA:125,1
DA:131,3
DA:133,3
DA:134,3
DA:139,2
DA:140,1
DA:143,1
DA:145,1
DA:146,1
LF:60
LH:54
BRDA:13,0,0,1
BRDA:13,0,1,2
BRDA:17,1,0,1
BRDA:17,1,1,1
BRDA:17,2,0,2
BRDA:17,2,1,2
BRDA:17,2,2,1
BRDA:17,2,3,1
BRDA:17,2,4,1
BRDA:26,3,0,1
BRDA:26,3,1,0
BRDA:47,4,0,1
BRDA:47,4,1,2
BRDA:51,5,0,0
BRDA:51,5,1,2
BRDA:51,6,0,2
BRDA:51,6,1,0
BRDA:51,6,2,0
BRDA:51,6,3,0
BRDA:60,7,0,1
BRDA:60,7,1,1
BRDA:66,8,0,1
BRDA:66,8,1,0
BRDA:67,9,0,1
BRDA:67,9,1,0
BRDA:68,10,0,1
BRDA:68,10,1,0
BRDA:69,11,0,1
BRDA:69,11,1,0
BRDA:70,12,0,1
BRDA:70,12,1,0
BRDA:71,13,0,1
BRDA:71,13,1,0
BRDA:91,14,0,1
BRDA:91,14,1,2
BRDA:100,15,0,1
BRDA:100,15,1,1
BRDA:104,16,0,1
BRDA:104,16,1,0
BRDA:139,17,0,1
BRDA:139,17,1,1
BRF:41
BRH:29
end_of_record
TN:
SF:controllers\usersCtrl.js
FN:12,(anonymous_0)
FN:37,(anonymous_1)
FN:62,(anonymous_2)
FN:95,(anonymous_3)
FN:114,(anonymous_4)
FN:120,(anonymous_5)
FN:122,(anonymous_6)
FN:132,(anonymous_7)
FN:134,(anonymous_8)
FN:139,(anonymous_9)
FN:150,(anonymous_10)
FN:152,(anonymous_11)
FN:157,(anonymous_12)
FN:164,(anonymous_13)
FN:167,(anonymous_14)
FN:171,(anonymous_15)
FN:181,(anonymous_16)
FN:183,(anonymous_17)
FNF:18
FNH:13
FNDA:8,(anonymous_0)
FNDA:2,(anonymous_1)
FNDA:8,(anonymous_2)
FNDA:3,(anonymous_3)
FNDA:1,(anonymous_4)
FNDA:1,(anonymous_5)
FNDA:0,(anonymous_6)
FNDA:1,(anonymous_7)
FNDA:0,(anonymous_8)
FNDA:1,(anonymous_9)
FNDA:1,(anonymous_10)
FNDA:0,(anonymous_11)
FNDA:2,(anonymous_12)
FNDA:2,(anonymous_13)
FNDA:0,(anonymous_14)
FNDA:2,(anonymous_15)
FNDA:1,(anonymous_16)
FNDA:0,(anonymous_17)
DA:1,3
DA:2,3
DA:3,3
DA:4,3
DA:5,3
DA:6,3
DA:7,3
DA:8,3
DA:10,3
DA:14,8
DA:16,8
DA:17,1
DA:20,7
DA:21,7
DA:22,1
DA:24,6
DA:25,1
DA:27,5
DA:28,1
DA:31,4
DA:33,4
DA:35,4
DA:37,2
DA:39,2
DA:40,0
DA:43,2
DA:51,2
DA:53,2
DA:55,0
DA:57,2
DA:60,0
DA:64,8
DA:66,8
DA:67,1
DA:69,7
DA:70,2
DA:72,5
DA:73,1
DA:75,4
DA:77,4
DA:79,3
DA:81,3
DA:84,2
DA:85,2
DA:86,2
DA:89,1
DA:92,1
DA:97,3
DA:99,3
DA:102,3
DA:103,1
DA:106,2
DA:108,2
DA:109,0
DA:113,2
DA:114,1
DA:115,1
DA:121,1
DA:123,0
DA:128,1
DA:133,1
DA:135,0
DA:140,1
DA:142,1
DA:144,1
DA:145,0
DA:147,1
DA:148,1
DA:151,1
DA:153,0
DA:159,2
DA:160,0
DA:163,2
DA:165,2
DA:168,0
DA:172,2
DA:174,2
DA:176,2
DA:177,1
DA:180,1
DA:182,1
DA:184,0
LF:82
LH:71
BRDA:16,0,0,1
BRDA:16,0,1,7
BRDA:16,1,0,8
BRDA:16,1,1,7
BRDA:16,1,2,7
BRDA:16,1,3,7
BRDA:21,2,0,1
BRDA:21,2,1,6
BRDA:21,3,0,7
BRDA:21,3,1,6
BRDA:24,4,0,1
BRDA:24,4,1,5
BRDA:27,5,0,1
BRDA:27,5,1,4
BRDA:35,6,0,2
BRDA:35,6,1,2
BRDA:39,7,0,0
BRDA:39,7,1,2
BRDA:51,8,0,2
BRDA:51,8,1,0
BRDA:66,9,0,1
BRDA:66,9,1,7
BRDA:66,10,0,8
BRDA:66,10,1,7
BRDA:69,11,0,2
BRDA:69,11,1,5
BRDA:72,12,0,1
BRDA:72,12,1,4
BRDA:77,13,0,3
BRDA:77,13,1,1
BRDA:81,14,0,2
BRDA:81,14,1,1
BRDA:102,15,0,1
BRDA:102,15,1,2
BRDA:102,16,0,3
BRDA:102,16,1,2
BRDA:108,17,0,0
BRDA:108,17,1,2
BRDA:108,18,0,2
BRDA:108,18,1,2
BRDA:113,19,0,1
BRDA:113,19,1,1
BRDA:116,20,0,1
BRDA:116,20,1,0
BRDA:117,21,0,1
BRDA:117,21,1,0
BRDA:118,22,0,1
BRDA:118,22,1,0
BRDA:129,23,0,1
BRDA:129,23,1,0
BRDA:130,24,0,1
BRDA:130,24,1,0
BRDA:131,25,0,1
BRDA:131,25,1,0
BRDA:144,26,0,0
BRDA:144,26,1,1
BRDA:144,27,0,1
BRDA:144,27,1,1
BRDA:147,28,0,1
BRDA:147,28,1,0
BRDA:159,29,0,0
BRDA:159,29,1,2
BRDA:176,30,0,1
BRDA:176,30,1,1
BRDA:176,31,0,2
BRDA:176,31,1,2
BRF:66
BRH:54
end_of_record
TN:
SF:middleware\jwtUtils.js
FN:5,(anonymous_0)
FN:8,(anonymous_1)
FN:34,(anonymous_2)
FNF:3
FNH:3
FNDA:14,(anonymous_0)
FNDA:5,(anonymous_1)
FNDA:6,(anonymous_2)
DA:1,3
DA:2,3
DA:4,3
DA:6,14
DA:9,5
DA:12,5
DA:13,2
DA:16,3
DA:17,3
DA:18,3
DA:19,2
DA:20,1
DA:21,1
DA:23,1
DA:24,0
DA:27,2
DA:28,2
DA:31,0
DA:35,6
DA:37,6
DA:38,2
DA:41,4
DA:42,4
DA:44,3
DA:46,1
DA:47,1
LF:26
LH:24
BRDA:6,0,0,10
BRDA:6,0,1,4
BRDA:12,1,0,2
BRDA:12,1,1,3
BRDA:12,2,0,5
BRDA:12,2,1,4
BRDA:16,3,0,3
BRDA:16,3,1,0
BRDA:16,4,0,3
BRDA:16,4,1,0
BRDA:19,5,0,1
BRDA:19,5,1,1
BRDA:19,6,0,2
BRDA:19,6,1,2
BRDA:37,7,0,2
BRDA:37,7,1,4
BRDA:37,8,0,6
BRDA:37,8,1,5
BRDA:44,9,0,3
BRDA:44,9,1,2
BRF:20
BRH:18
end_of_record
TN:
SF:middleware\multer.js
FN:3,(anonymous_0)
FN:7,(anonymous_1)
FN:21,(anonymous_2)
FNF:3
FNH:3
FNDA:1,(anonymous_0)
FNDA:1,(anonymous_1)
FNDA:4,(anonymous_2)
DA:1,3
DA:3,3
DA:4,1
DA:7,3
DA:8,1
DA:11,3
DA:16,3
DA:22,4
DA:23,1
DA:25,3
DA:29,3
LF:11
LH:11
BRDA:22,0,0,1
BRDA:22,0,1,3
BRF:2
BRH:2
end_of_record
TN:
SF:models\index.js
FN:21,(anonymous_0)
FN:29,(anonymous_1)
FN:34,(anonymous_2)
FNF:3
FNH:3
FNDA:10,(anonymous_0)
FNDA:8,(anonymous_1)
FNDA:8,(anonymous_2)
DA:3,2
DA:4,2
DA:5,2
DA:6,2
DA:7,2
DA:8,2
DA:9,2
DA:10,2
DA:13,2
DA:14,0
DA:16,2
DA:19,2
DA:22,10
DA:30,8
DA:31,8
DA:34,2
DA:35,8
DA:36,8
DA:40,2
DA:41,2
DA:43,2
LF:21
LH:20
BRDA:8,0,0,2
BRDA:8,0,1,0
BRDA:13,1,0,0
BRDA:13,1,1,2
BRDA:23,2,0,10
BRDA:23,2,1,10
BRDA:23,2,2,8
BRDA:23,2,3,8
BRDA:35,3,0,8
BRDA:35,3,1,0
BRF:10
BRH:7
end_of_record
TN:
SF:models\orderitems.js
FN:5,(anonymous_0)
FN:12,(anonymous_1)
FNF:2
FNH:2
FNDA:2,(anonymous_0)
FNDA:2,(anonymous_1)
DA:4,2
DA:5,2
DA:14,2
DA:15,2
DA:19,2
DA:27,2
LF:6
LH:6
BRF:0
BRH:0
end_of_record
TN:
SF:models\orders.js
FN:5,(anonymous_0)
FN:12,(anonymous_1)
FNF:2
FNH:2
FNDA:2,(anonymous_0)
FNDA:2,(anonymous_1)
DA:4,2
DA:5,2
DA:14,2
DA:15,2
DA:19,2
DA:27,2
LF:6
LH:6
BRF:0
BRH:0
end_of_record
TN:
SF:models\products.js
FN:5,(anonymous_0)
FN:12,(anonymous_1)
FNF:2
FNH:2
FNDA:2,(anonymous_0)
FNDA:2,(anonymous_1)
DA:4,2
DA:5,2
DA:14,2
DA:17,2
DA:28,2
LF:5
LH:5
BRF:0
BRH:0
end_of_record
TN:
SF:models\users.js
FN:5,(anonymous_0)
FN:12,(anonymous_1)
FNF:2
FNH:2
FNDA:2,(anonymous_0)
FNDA:2,(anonymous_1)
DA:4,2
DA:5,2
DA:14,2
DA:17,2
DA:27,2
LF:5
LH:5
BRF:0
BRH:0
end_of_record
TN:
SF:routes\ordersItems.js
FNF:0
FNH:0
DA:1,2
DA:2,2
DA:3,2
DA:5,2
DA:6,2
DA:8,2
LF:6
LH:6
BRF:0
BRH:0
end_of_record
TN:
SF:routes\ordersRoutes.js
FNF:0
FNH:0
DA:1,2
DA:2,2
DA:3,2
DA:5,2
DA:6,2
DA:7,2
DA:8,2
DA:9,2
DA:10,2
DA:12,2
LF:10
LH:10
BRF:0
BRH:0
end_of_record
TN:
SF:routes\productsRoutes.js
FNF:0
FNH:0
DA:2,2
DA:3,2
DA:4,2
DA:5,2
DA:7,2
DA:8,2
DA:9,2
DA:10,2
DA:11,2
DA:13,2
LF:10
LH:10
BRF:0
BRH:0
end_of_record
TN:
SF:routes\usersRoutes.js
FNF:0
FNH:0
DA:1,2
DA:2,2
DA:3,2
DA:5,2
DA:6,2
DA:7,2
DA:8,2
DA:9,2
DA:10,2
DA:12,2
LF:10
LH:10
BRF:0
BRH:0
end_of_record
